C:\USERS\ADMINISTRATOR\DESKTOP\VORONOI\VORONOI\VORONOI\DEBUG\DELAUNAY.OBJ
C:\USERS\ADMINISTRATOR\DESKTOP\VORONOI\VORONOI\VORONOI\DEBUG\VC110.PDB
C:\USERS\ADMINISTRATOR\DESKTOP\VORONOI\VORONOI\DEBUG\VORONOI.ILK
C:\USERS\ADMINISTRATOR\DESKTOP\VORONOI\VORONOI\DEBUG\VORONOI.EXE
C:\USERS\ADMINISTRATOR\DESKTOP\VORONOI\VORONOI\DEBUG\VORONOI.PDB
C:\Users\Administrator\Desktop\Voronoi\Voronoi\Voronoi\Debug\Delaunay.obj
C:\Users\Administrator\Desktop\Voronoi\Voronoi\Voronoi\Debug\cl.command.1.tlog
C:\Users\Administrator\Desktop\Voronoi\Voronoi\Voronoi\Debug\CL.read.1.tlog
C:\Users\Administrator\Desktop\Voronoi\Voronoi\Voronoi\Debug\CL.write.1.tlog
C:\Users\Administrator\Desktop\Voronoi\Voronoi\Voronoi\Debug\link-cvtres.read.1.tlog
C:\Users\Administrator\Desktop\Voronoi\Voronoi\Voronoi\Debug\link-cvtres.write.1.tlog
C:\Users\Administrator\Desktop\Voronoi\Voronoi\Voronoi\Debug\link-rc.read.1.tlog
C:\Users\Administrator\Desktop\Voronoi\Voronoi\Voronoi\Debug\link-rc.write.1.tlog
C:\Users\Administrator\Desktop\Voronoi\Voronoi\Voronoi\Debug\link.command.1.tlog
C:\Users\Administrator\Desktop\Voronoi\Voronoi\Voronoi\Debug\link.read.1.tlog
C:\Users\Administrator\Desktop\Voronoi\Voronoi\Voronoi\Debug\link.write.1.tlog
C:\Users\Administrator\Desktop\Voronoi\Voronoi\Voronoi\Debug\vc110.idb
C:\Users\Administrator\Desktop\Voronoi\Voronoi\Voronoi\Debug\vc110.pdb
C:\Users\Administrator\Desktop\Voronoi\Voronoi\Debug\Voronoi.pdb
C:\Users\Administrator\Desktop\Voronoi\Voronoi\Debug\Voronoi.exe
C:\Users\Administrator\Desktop\Voronoi\Voronoi\Debug\Voronoi.ilk
