E:\PROJECT\TAOKADLL\DEBUG\MARK.EXE
E:\PROJECT\TAOKADLL\DEBUG\MARK.EXE.MANIFEST
E:\PROJECT\TAOKADLL\DEBUG\MARK.PDB
E:\Project\TaokaDll\Mark\Debug\cl.command.1.tlog
E:\Project\TaokaDll\Mark\Debug\CL.read.1.tlog
E:\Project\TaokaDll\Mark\Debug\CL.write.1.tlog
E:\Project\TaokaDll\Mark\Debug\link.command.1.tlog
E:\Project\TaokaDll\Mark\Debug\link.read.1.tlog
E:\Project\TaokaDll\Mark\Debug\link.write.1.tlog
E:\Project\TaokaDll\Mark\Debug\link-cvtres.read.1.tlog
E:\Project\TaokaDll\Mark\Debug\link-cvtres.write.1.tlog
E:\PROJECT\TAOKADLL\MARK\DEBUG\MARK.EXE.INTERMEDIATE.MANIFEST
E:\PROJECT\TAOKADLL\MARK\DEBUG\MARK.OBJ
E:\PROJECT\TAOKADLL\MARK\DEBUG\MARK.PCH
E:\PROJECT\TAOKADLL\MARK\DEBUG\MARK.RES
E:\Project\TaokaDll\Mark\Debug\Mark.write.1.tlog
E:\Project\TaokaDll\Mark\Debug\mt.command.1.tlog
E:\Project\TaokaDll\Mark\Debug\mt.read.1.tlog
E:\Project\TaokaDll\Mark\Debug\mt.write.1.tlog
E:\Project\TaokaDll\Mark\Debug\rc.command.1.tlog
E:\Project\TaokaDll\Mark\Debug\rc.read.1.tlog
E:\Project\TaokaDll\Mark\Debug\rc.write.1.tlog
E:\PROJECT\TAOKADLL\MARK\DEBUG\STDAFX.OBJ
E:\PROJECT\TAOKADLL\MARK\DEBUG\TIMECOUNTER.OBJ
E:\PROJECT\TAOKADLL\MARK\DEBUG\TRAVERSINGFILE.OBJ
E:\Project\TaokaDll\Mark\Debug\vc100.idb
E:\PROJECT\TAOKADLL\MARK\DEBUG\VC100.PDB
