Build started 2014/11/13 16:27:36.
     1>Project "F:\project2012\TankGame\TankGame\TankGame.vcxproj" on node 2 (Build target(s)).
     1>ClCompile:
         E:\Program Files (x86)\Microsoft Visual Studio 11.0\VC\bin\CL.exe /c /ZI /nologo /W3 /WX- /Od /Oy- /D WIN32 /D _DEBUG /D _CONSOLE /D _UNICODE /D UNICODE /Gm /EHsc /RTC1 /MDd /GS /fp:precise /Zc:wchar_t /Zc:forScope /Fo"Debug\\" /Fd"Debug\vc110.pdb" /Gd /TP /analyze- /errorReport:prompt Game_System.cpp
         Game_System.cpp
     1>f:\project2012\tankgame\tankgame\game_system.cpp(342): warning C4996: 'fopen': This function or variable may be unsafe. Consider using fopen_s instead. To disable deprecation, use _CRT_SECURE_NO_WARNINGS. See online help for details.
                 e:\program files (x86)\microsoft visual studio 11.0\vc\include\stdio.h(218) : see declaration of 'fopen'
       Link:
         E:\Program Files (x86)\Microsoft Visual Studio 11.0\VC\bin\link.exe /ERRORREPORT:PROMPT /OUT:"F:\project2012\TankGame\Debug\TankGame.exe" /INCREMENTAL /NOLOGO glut32.lib GLAUX.LIB kernel32.lib user32.lib gdi32.lib winspool.lib comdlg32.lib advapi32.lib shell32.lib ole32.lib oleaut32.lib uuid.lib odbc32.lib odbccp32.lib /MANIFEST /MANIFESTUAC:"level='asInvoker' uiAccess='false'" /manifest:embed /DEBUG /PDB:"F:\project2012\TankGame\Debug\TankGame.pdb" /SUBSYSTEM:CONSOLE /TLBID:1 /DYNAMICBASE /NXCOMPAT /IMPLIB:"F:\project2012\TankGame\Debug\TankGame.lib" /MACHINE:X86 Debug\Control_System.obj
         Debug\Game_System.obj
         Debug\BaseDefine.obj
         Debug\main.obj
         Debug\Physics_System.obj
         Debug\Scene_Manager.obj
         Debug\Scene_Object.obj
         Debug\Scene_Object_Land.obj
         Debug\Shell.obj
         Debug\Tank_Controller.obj
         Debug\Tank_Manager.obj
         Debug\Tank_Model.obj
         Debug\Tank_Model_TypeA.obj
         Debug\Tank_Model_TypeB.obj
         Debug\Tank_Model_TypeC.obj
         TankGame.vcxproj -> F:\project2012\TankGame\Debug\TankGame.exe
     1>Done Building Project "F:\project2012\TankGame\TankGame\TankGame.vcxproj" (Build target(s)).

Build succeeded.

Time Elapsed 00:00:01.10
