F:\PROJECT2012\TANKGAME\TANKGAME\DEBUG\CONTROLSYSTEM.OBJ
F:\PROJECT2012\TANKGAME\TANKGAME\DEBUG\GAMESYSTEM.OBJ
F:\PROJECT2012\TANKGAME\TANKGAME\DEBUG\GLOBAL.OBJ
F:\PROJECT2012\TANKGAME\TANKGAME\DEBUG\MAIN.OBJ
F:\PROJECT2012\TANKGAME\TANKGAME\DEBUG\PHYSICALWORLD.OBJ
F:\PROJECT2012\TANKGAME\TANKGAME\DEBUG\SHELL.OBJ
F:\PROJECT2012\TANKGAME\TANKGAME\DEBUG\TANK.OBJ
F:\PROJECT2012\TANKGAME\TANKGAME\DEBUG\VC110.PDB
F:\PROJECT2012\TANKGAME\TANKGAME\DEBUG\CONTROL_SYSTEM.OBJ
F:\PROJECT2012\TANKGAME\TANKGAME\DEBUG\SCENE_OBJECT.OBJ
F:\PROJECT2012\TANKGAME\TANKGAME\DEBUG\SCENE_OBJECT_LAND.OBJ
F:\PROJECT2012\TANKGAME\TANKGAME\DEBUG\TANK_CONTROLLER.OBJ
F:\PROJECT2012\TANKGAME\TANKGAME\DEBUG\TANK_MANAGER.OBJ
F:\PROJECT2012\TANKGAME\TANKGAME\DEBUG\TANK_MODEL.OBJ
F:\PROJECT2012\TANKGAME\TANKGAME\DEBUG\TANK_MODEL_TYPEA.OBJ
F:\PROJECT2012\TANKGAME\TANKGAME\DEBUG\TANK_MODEL_TYPEB.OBJ
F:\PROJECT2012\TANKGAME\TANKGAME\DEBUG\TANK_MODEL_TYPEC.OBJ
F:\PROJECT2012\TANKGAME\TANKGAME\DEBUG\SCENE_MANAGER.OBJ
F:\PROJECT2012\TANKGAME\TANKGAME\DEBUG\PHYSICS_SYSTEM.OBJ
F:\PROJECT2012\TANKGAME\TANKGAME\DEBUG\GAME_SYSTEM.OBJ
F:\project2012\TankGame\TankGame\Debug\ControlSystem.obj
F:\project2012\TankGame\TankGame\Debug\Control_System.obj
F:\project2012\TankGame\TankGame\Debug\GameSystem.obj
F:\project2012\TankGame\TankGame\Debug\Game_System.obj
F:\project2012\TankGame\TankGame\Debug\Global.obj
F:\project2012\TankGame\TankGame\Debug\main.obj
F:\project2012\TankGame\TankGame\Debug\PhysicalWorld.obj
F:\project2012\TankGame\TankGame\Debug\Physics_System.obj
F:\project2012\TankGame\TankGame\Debug\Scene_Manager.obj
F:\project2012\TankGame\TankGame\Debug\Scene_Object.obj
F:\project2012\TankGame\TankGame\Debug\Scene_Object_Land.obj
F:\project2012\TankGame\TankGame\Debug\Shell.obj
F:\project2012\TankGame\TankGame\Debug\Tank.obj
F:\project2012\TankGame\TankGame\Debug\Tank_Controller.obj
F:\project2012\TankGame\TankGame\Debug\Tank_Manager.obj
F:\project2012\TankGame\TankGame\Debug\Tank_Model.obj
F:\project2012\TankGame\TankGame\Debug\Tank_Model_TypeA.obj
F:\project2012\TankGame\TankGame\Debug\Tank_Model_TypeB.obj
F:\project2012\TankGame\TankGame\Debug\Tank_Model_TypeC.obj
F:\project2012\TankGame\TankGame\Debug\cl.command.1.tlog
F:\project2012\TankGame\TankGame\Debug\CL.read.1.tlog
F:\project2012\TankGame\TankGame\Debug\CL.write.1.tlog
F:\project2012\TankGame\TankGame\Debug\link-cvtres.read.1.tlog
F:\project2012\TankGame\TankGame\Debug\link-cvtres.write.1.tlog
F:\project2012\TankGame\TankGame\Debug\link-rc.read.1.tlog
F:\project2012\TankGame\TankGame\Debug\link-rc.write.1.tlog
F:\project2012\TankGame\TankGame\Debug\link.command.1.tlog
F:\project2012\TankGame\TankGame\Debug\link.read.1.tlog
F:\project2012\TankGame\TankGame\Debug\link.write.1.tlog
F:\project2012\TankGame\TankGame\Debug\vc110.idb
F:\project2012\TankGame\TankGame\Debug\vc110.pdb
F:\project2012\TankGame\Debug\TankGame.pdb
