E:\PROJECT\TAOKADLL\DEBUG\TAOKA.DLL
E:\PROJECT\TAOKADLL\DEBUG\TAOKA.DLL.MANIFEST
E:\Project\TaokaDll\Debug\Taoka.exp
E:\PROJECT\TAOKADLL\DEBUG\TAOKA.ILK
E:\Project\TaokaDll\Debug\Taoka.lib
E:\PROJECT\TAOKADLL\DEBUG\TAOKA.PDB
E:\PROJECT\TAOKADLL\TAOKA\DEBUG\ANSWERCARDPROCESSING.OBJ
E:\Project\TaokaDll\Taoka\Debug\cl.command.1.tlog
E:\Project\TaokaDll\Taoka\Debug\CL.read.1.tlog
E:\Project\TaokaDll\Taoka\Debug\CL.write.1.tlog
E:\PROJECT\TAOKADLL\TAOKA\DEBUG\CROPAREAS.OBJ
E:\PROJECT\TAOKADLL\TAOKA\DEBUG\DETECTANCHORPOINT.OBJ
E:\PROJECT\TAOKADLL\TAOKA\DEBUG\DETECTANSWER.OBJ
E:\PROJECT\TAOKADLL\TAOKA\DEBUG\DETECTBAR.OBJ
E:\PROJECT\TAOKADLL\TAOKA\DEBUG\DETECTFILLINGPOINT.OBJ
E:\PROJECT\TAOKADLL\TAOKA\DEBUG\DETECTMARKERS.OBJ
E:\PROJECT\TAOKADLL\TAOKA\DEBUG\DETECTPERAC.OBJ
E:\PROJECT\TAOKADLL\TAOKA\DEBUG\DETECTREFPOINT.OBJ
E:\PROJECT\TAOKADLL\TAOKA\DEBUG\DLLMAIN.OBJ
E:\Project\TaokaDll\Taoka\Debug\link.command.1.tlog
E:\Project\TaokaDll\Taoka\Debug\link.read.1.tlog
E:\Project\TaokaDll\Taoka\Debug\link.write.1.tlog
E:\PROJECT\TAOKADLL\TAOKA\DEBUG\MARKAC.OBJ
E:\PROJECT\TAOKADLL\TAOKA\DEBUG\MARKERSBOUNDARYTABLE.OBJ
E:\Project\TaokaDll\Taoka\Debug\mt.command.1.tlog
E:\Project\TaokaDll\Taoka\Debug\mt.read.1.tlog
E:\Project\TaokaDll\Taoka\Debug\mt.write.1.tlog
E:\PROJECT\TAOKADLL\TAOKA\DEBUG\STDAFX.OBJ
E:\PROJECT\TAOKADLL\TAOKA\DEBUG\TAOKA.DLL.INTERMEDIATE.MANIFEST
E:\PROJECT\TAOKADLL\TAOKA\DEBUG\TAOKA.OBJ
E:\Project\TaokaDll\Taoka\Debug\Taoka.write.1.tlog
E:\PROJECT\TAOKADLL\TAOKA\DEBUG\TRANSTRUCT.OBJ
E:\Project\TaokaDll\Taoka\Debug\vc100.idb
E:\PROJECT\TAOKADLL\TAOKA\DEBUG\VC100.PDB
