生成启动时间为 2015/1/16 20:46:41。
     1>项目“E:\Project\TaokaDll\Taoka\Taoka.vcxproj”在节点 2 上(build 个目标)。
     1>InitializeBuildStatus:
         正在创建“Debug\Taoka.unsuccessfulbuild”，因为已指定“AlwaysCreate”。
       ClCompile:
         D:\Program Files (x86)\Microsoft Visual Studio 10.0\VC\bin\CL.exe /c /ZI /nologo /W3 /WX- /Od /Oy- /D WIN32 /D _DEBUG /D _WINDOWS /D _USRDLL /D TAOKA_EXPORTS /D _WINDLL /D _UNICODE /D UNICODE /Gm /EHsc /RTC1 /MDd /GS /fp:precise /Zc:wchar_t /Zc:forScope /Fo"Debug\\" /Fd"Debug\vc100.pdb" /Gd /TP /analyze- /errorReport:prompt DetectAnswer.cpp
         DetectAnswer.cpp
     1>d:\program files\opencv\include\opencv\opencv2\flann\logger.h(66): warning C4996: 'fopen': This function or variable may be unsafe. Consider using fopen_s instead. To disable deprecation, use _CRT_SECURE_NO_WARNINGS. See online help for details.
                 d:\program files (x86)\microsoft visual studio 10.0\vc\include\stdio.h(234) : 参见“fopen”的声明
     1>e:\project\taokadll\taoka\detectanswer.cpp(65): warning C4018: “<”: 有符号/无符号不匹配
     1>e:\project\taokadll\taoka\detectanswer.cpp(113): warning C4018: “<”: 有符号/无符号不匹配
     1>e:\project\taokadll\taoka\detectanswer.cpp(162): warning C4018: “<”: 有符号/无符号不匹配
     1>e:\project\taokadll\taoka\detectanswer.cpp(218): warning C4244: “=”: 从“double”转换到“int”，可能丢失数据
     1>e:\project\taokadll\taoka\detectanswer.cpp(219): warning C4244: “=”: 从“double”转换到“int”，可能丢失数据
     1>e:\project\taokadll\taoka\detectanswer.cpp(327): warning C4244: “初始化”: 从“double”转换到“int”，可能丢失数据
     1>e:\project\taokadll\taoka\detectanswer.cpp(359): warning C4244: “初始化”: 从“double”转换到“int”，可能丢失数据
     1>e:\project\taokadll\taoka\detectanswer.cpp(451): warning C4244: “=”: 从“double”转换到“int”，可能丢失数据
     1>e:\project\taokadll\taoka\detectanswer.cpp(452): warning C4244: “=”: 从“double”转换到“int”，可能丢失数据
     1>e:\project\taokadll\taoka\detectanswer.cpp(456): warning C4244: “=”: 从“double”转换到“int”，可能丢失数据
     1>e:\project\taokadll\taoka\detectanswer.cpp(457): warning C4244: “=”: 从“double”转换到“int”，可能丢失数据
     1>e:\project\taokadll\taoka\detectanswer.cpp(448): warning C4101: “threshold_may_filled”: 未引用的局部变量
     1>e:\project\taokadll\taoka\detectanswer.cpp(448): warning C4101: “threshold_true_filled”: 未引用的局部变量
     1>e:\project\taokadll\taoka\detectanswer.cpp(623): warning C4244: “=”: 从“double”转换到“int”，可能丢失数据
     1>e:\project\taokadll\taoka\detectanswer.cpp(626): warning C4244: “初始化”: 从“double”转换到“int”，可能丢失数据
     1>e:\project\taokadll\taoka\detectanswer.cpp(631): warning C4244: “=”: 从“double”转换到“int”，可能丢失数据
     1>e:\project\taokadll\taoka\detectanswer.cpp(673): warning C4244: “=”: 从“double”转换到“int”，可能丢失数据
     1>e:\project\taokadll\taoka\detectanswer.cpp(674): warning C4244: “=”: 从“double”转换到“int”，可能丢失数据
     1>e:\project\taokadll\taoka\detectanswer.cpp(721): warning C4244: “=”: 从“double”转换到“int”，可能丢失数据
     1>e:\project\taokadll\taoka\detectanswer.cpp(722): warning C4244: “=”: 从“double”转换到“int”，可能丢失数据
     1>e:\project\taokadll\taoka\detectanswer.cpp(728): warning C4244: “=”: 从“double”转换到“int”，可能丢失数据
     1>e:\project\taokadll\taoka\detectanswer.cpp(729): warning C4244: “=”: 从“double”转换到“int”，可能丢失数据
     1>e:\project\taokadll\taoka\detectanswer.cpp(736): warning C4244: “=”: 从“double”转换到“int”，可能丢失数据
     1>e:\project\taokadll\taoka\detectanswer.cpp(737): warning C4244: “=”: 从“double”转换到“int”，可能丢失数据
     1>e:\project\taokadll\taoka\detectanswer.cpp(788): warning C4244: “=”: 从“double”转换到“int”，可能丢失数据
     1>e:\project\taokadll\taoka\detectanswer.cpp(734): warning C4101: “threshold_may_filled”: 未引用的局部变量
     1>e:\project\taokadll\taoka\detectanswer.cpp(734): warning C4101: “threshold_true_filled”: 未引用的局部变量
       Link:
         D:\Program Files (x86)\Microsoft Visual Studio 10.0\VC\bin\link.exe /ERRORREPORT:PROMPT /OUT:"E:\Project\TaokaDll\Debug\Taoka.dll" /INCREMENTAL /NOLOGO "libzbar-0.lib" opencv_calib3d246d.lib opencv_contrib246d.lib opencv_core246d.lib opencv_features2d246d.lib opencv_flann246d.lib opencv_gpu246d.lib opencv_highgui246d.lib opencv_imgproc246d.lib opencv_legacy246d.lib opencv_ml246d.lib opencv_objdetect246d.lib opencv_ts246d.lib opencv_video246d.lib kernel32.lib user32.lib gdi32.lib winspool.lib comdlg32.lib advapi32.lib shell32.lib ole32.lib oleaut32.lib uuid.lib odbc32.lib odbccp32.lib /DEF:"Taoka.def" /MANIFEST /ManifestFile:"Debug\Taoka.dll.intermediate.manifest" /MANIFESTUAC:"level='asInvoker' uiAccess='false'" /DEBUG /PDB:"E:\Project\TaokaDll\Debug\Taoka.pdb" /SUBSYSTEM:WINDOWS /TLBID:1 /DYNAMICBASE /NXCOMPAT /IMPLIB:"E:\Project\TaokaDll\Debug\Taoka.lib" /MACHINE:X86 /DLL Debug\AnswerCardProcessing.obj
         Debug\CropAreas.obj
         Debug\DetectAnchorPoint.obj
         Debug\DetectAnswer.obj
         Debug\DetectBar.obj
         Debug\DetectFillingPoint.obj
         Debug\DetectMarkers.obj
         Debug\DetectPerAC.obj
         Debug\DetectRefPoint.obj
         Debug\dllmain.obj
         Debug\MarkAC.obj
         Debug\MarkersBoundaryTable.obj
         Debug\stdafx.obj
         Debug\Taoka.obj
         Debug\TranStruct.obj
         Taoka.vcxproj -> E:\Project\TaokaDll\Debug\Taoka.dll
       Manifest:
         C:\Program Files (x86)\Microsoft SDKs\Windows\v7.0A\bin\mt.exe /nologo /verbose /out:"E:\Project\TaokaDll\Debug\Taoka.dll.manifest" /manifest Debug\Taoka.dll.intermediate.manifest
       FinalizeBuildStatus:
         正在删除文件“Debug\Taoka.unsuccessfulbuild”。
         正在对“Debug\Taoka.lastbuildstate”执行 Touch 任务。
     1>已完成生成项目“E:\Project\TaokaDll\Taoka\Taoka.vcxproj”(build 个目标)的操作。

生成成功。

已用时间 00:00:03.68
