G:\Projects\TaokaDll\Mark\Release\cl.command.1.tlog
G:\Projects\TaokaDll\Mark\Release\CL.read.1.tlog
G:\Projects\TaokaDll\Mark\Release\CL.write.1.tlog
G:\Projects\TaokaDll\Mark\Release\link.command.1.tlog
G:\Projects\TaokaDll\Mark\Release\link.read.1.tlog
G:\Projects\TaokaDll\Mark\Release\link.write.1.tlog
G:\Projects\TaokaDll\Mark\Release\link-cvtres.read.1.tlog
G:\Projects\TaokaDll\Mark\Release\link-cvtres.write.1.tlog
G:\PROJECTS\TAOKADLL\MARK\RELEASE\MARK.EXE.INTERMEDIATE.MANIFEST
G:\PROJECTS\TAOKADLL\MARK\RELEASE\MARK.OBJ
G:\PROJECTS\TAOKADLL\MARK\RELEASE\MARK.PCH
G:\PROJECTS\TAOKADLL\MARK\RELEASE\MARK.RES
G:\Projects\TaokaDll\Mark\Release\Mark.write.1.tlog
G:\Projects\TaokaDll\Mark\Release\mt.command.1.tlog
G:\Projects\TaokaDll\Mark\Release\mt.read.1.tlog
G:\Projects\TaokaDll\Mark\Release\mt.write.1.tlog
G:\Projects\TaokaDll\Mark\Release\rc.command.1.tlog
G:\Projects\TaokaDll\Mark\Release\rc.read.1.tlog
G:\Projects\TaokaDll\Mark\Release\rc.write.1.tlog
G:\PROJECTS\TAOKADLL\MARK\RELEASE\STDAFX.OBJ
G:\PROJECTS\TAOKADLL\MARK\RELEASE\TIMECOUNTER.OBJ
G:\PROJECTS\TAOKADLL\MARK\RELEASE\TRAVERSINGFILE.OBJ
G:\PROJECTS\TAOKADLL\MARK\RELEASE\VC100.PDB
G:\PROJECTS\TAOKADLL\RELEASE\MARK.EXE
G:\PROJECTS\TAOKADLL\RELEASE\MARK.PDB
