E:\PROJECT\TAOKADLL\DEBUG\DEMO.EXE
E:\PROJECT\TAOKADLL\DEBUG\DEMO.ILK
E:\PROJECT\TAOKADLL\DEBUG\DEMO.PDB
E:\Project\TaokaDll\Demo\Debug\cl.command.1.tlog
E:\Project\TaokaDll\Demo\Debug\CL.read.1.tlog
E:\Project\TaokaDll\Demo\Debug\CL.write.1.tlog
E:\PROJECT\TAOKADLL\DEMO\DEBUG\DEMO.EXE.EMBED.MANIFEST
E:\PROJECT\TAOKADLL\DEMO\DEBUG\DEMO.EXE.EMBED.MANIFEST.RES
E:\PROJECT\TAOKADLL\DEMO\DEBUG\DEMO.EXE.INTERMEDIATE.MANIFEST
E:\PROJECT\TAOKADLL\DEMO\DEBUG\DEMO.OBJ
E:\PROJECT\TAOKADLL\DEMO\DEBUG\DEMO.PCH
E:\Project\TaokaDll\Demo\Debug\Demo.write.1.tlog
E:\Project\TaokaDll\Demo\Debug\Demo_manifest.rc
E:\Project\TaokaDll\Demo\Debug\link.6852.read.1.tlog
E:\Project\TaokaDll\Demo\Debug\link.6852.write.1.tlog
E:\Project\TaokaDll\Demo\Debug\link.6852-cvtres.read.1.tlog
E:\Project\TaokaDll\Demo\Debug\link.6852-cvtres.write.1.tlog
E:\Project\TaokaDll\Demo\Debug\link.command.1.tlog
E:\Project\TaokaDll\Demo\Debug\link.read.1.tlog
E:\Project\TaokaDll\Demo\Debug\link.write.1.tlog
E:\Project\TaokaDll\Demo\Debug\link-cvtres.read.1.tlog
E:\Project\TaokaDll\Demo\Debug\link-cvtres.write.1.tlog
E:\Project\TaokaDll\Demo\Debug\mt.command.1.tlog
E:\Project\TaokaDll\Demo\Debug\mt.read.1.tlog
E:\Project\TaokaDll\Demo\Debug\mt.write.1.tlog
E:\Project\TaokaDll\Demo\Debug\rc.command.1.tlog
E:\Project\TaokaDll\Demo\Debug\rc.read.1.tlog
E:\Project\TaokaDll\Demo\Debug\rc.write.1.tlog
E:\PROJECT\TAOKADLL\DEMO\DEBUG\STDAFX.OBJ
E:\Project\TaokaDll\Demo\Debug\vc100.idb
E:\PROJECT\TAOKADLL\DEMO\DEBUG\VC100.PDB
