G:\PROJECTS\TAOKADLL\RELEASE\XMLIODLL.DLL
G:\Projects\TaokaDll\Release\XmlIoDll.exp
G:\Projects\TaokaDll\Release\XmlIoDll.lib
G:\PROJECTS\TAOKADLL\RELEASE\XMLIODLL.PDB
G:\PROJECTS\TAOKADLL\XMLIODLL\RELEASE\CHINESECODE.OBJ
G:\Projects\TaokaDll\XmlIoDll\Release\cl.command.1.tlog
G:\Projects\TaokaDll\XmlIoDll\Release\CL.read.1.tlog
G:\Projects\TaokaDll\XmlIoDll\Release\CL.write.1.tlog
G:\PROJECTS\TAOKADLL\XMLIODLL\RELEASE\DATATYPECONVERSION.OBJ
G:\PROJECTS\TAOKADLL\XMLIODLL\RELEASE\DLLMAIN.OBJ
G:\Projects\TaokaDll\XmlIoDll\Release\link.command.1.tlog
G:\Projects\TaokaDll\XmlIoDll\Release\link.read.1.tlog
G:\Projects\TaokaDll\XmlIoDll\Release\link.write.1.tlog
G:\Projects\TaokaDll\XmlIoDll\Release\mt.command.1.tlog
G:\Projects\TaokaDll\XmlIoDll\Release\mt.read.1.tlog
G:\Projects\TaokaDll\XmlIoDll\Release\mt.write.1.tlog
G:\PROJECTS\TAOKADLL\XMLIODLL\RELEASE\STDAFX.OBJ
G:\PROJECTS\TAOKADLL\XMLIODLL\RELEASE\VC100.PDB
G:\PROJECTS\TAOKADLL\XMLIODLL\RELEASE\XMLIO.OBJ
G:\PROJECTS\TAOKADLL\XMLIODLL\RELEASE\XMLIODLL.DLL.INTERMEDIATE.MANIFEST
G:\PROJECTS\TAOKADLL\XMLIODLL\RELEASE\XMLIODLL.OBJ
G:\PROJECTS\TAOKADLL\XMLIODLL\RELEASE\XMLIODLL.PCH
G:\Projects\TaokaDll\XmlIoDll\Release\XmlIoDll.vcxprojResolveAssemblyReference.cache
G:\Projects\TaokaDll\XmlIoDll\Release\XmlIoDll.write.1.tlog
