生成启动时间为 2015/3/12 10:00:01。
     1>项目“E:\Project\homework6\homework.vcxproj”在节点 2 上(build 个目标)。
     1>C:\Program Files (x86)\MSBuild\Microsoft.Cpp\v4.0\Microsoft.CppBuild.targets(298,5): warning MSB8004: Intermediate 目录未以斜杠结尾。此生成实例将添加斜杠，因为必须有这个斜杠才能正确计算 Intermediate 目录。
     1>InitializeBuildStatus:
         正在创建“Win32\Debug\homework.unsuccessfulbuild”，因为已指定“AlwaysCreate”。
       CustomBuild:
         所有输出均为最新。
       ClCompile:
         D:\Program Files (x86)\Microsoft Visual Studio 10.0\VC\bin\CL.exe /c /ID:\Qt\4.8.2\include\QtCore /ID:\Qt\4.8.2\include\QtGui /ID:\Qt\4.8.2\include /ID:\Qt\4.8.2\include\ActiveQt /Idebug /I. /ID:\Qt\4.8.2\mkspecs\default /I.\GeneratedFiles /Zi /nologo /W3 /WX- /Od /Oy- /D _WINDOWS /D UNICODE /D WIN32 /D QT_LARGEFILE_SUPPORT /D QT_DLL /D QT_GUI_LIB /D QT_CORE_LIB /D QT_HAVE_MMX /D QT_HAVE_3DNOW /D QT_HAVE_SSE /D QT_HAVE_MMXEXT /D QT_HAVE_SSE2 /D QT_THREAD_SUPPORT /Gm- /EHsc /MDd /GS- /fp:precise /Zc:wchar_t- /Zc:forScope /GR /Fo"Win32\Debug\\" /Fd"Win32\Debug\vc100.pdb" /Gd /TP /analyze- /errorReport:prompt logic\Controller.cpp -Zm200 -w34100 -w34189 
         Controller.cpp
     1>e:\project\homework6\showdocument.h(25): warning C4520: “ShowDocument”: 指定了多个默认构造函数
     1>logic\Controller.cpp(32): warning C4018: “<”: 有符号/无符号不匹配
     1>logic\Controller.cpp(86): warning C4018: “<”: 有符号/无符号不匹配
     1>logic\Controller.cpp(95): warning C4018: “<”: 有符号/无符号不匹配
     1>logic\Controller.cpp(102): warning C4018: “<”: 有符号/无符号不匹配
     1>logic\Controller.cpp(152): warning C4018: “<”: 有符号/无符号不匹配
     1>logic\Controller.cpp(201): warning C4018: “<”: 有符号/无符号不匹配
     1>logic\Controller.cpp(254): warning C4018: “<”: 有符号/无符号不匹配
     1>logic\Controller.cpp(307): warning C4018: “<”: 有符号/无符号不匹配
     1>logic\Controller.cpp(363): warning C4018: “<”: 有符号/无符号不匹配
     1>logic\Controller.cpp(365): warning C4018: “<”: 有符号/无符号不匹配
       Link:
         D:\Program Files (x86)\Microsoft Visual Studio 10.0\VC\bin\link.exe /ERRORREPORT:PROMPT /OUT:"debug\\homework.exe" /NOLOGO /LIBPATH:D:\Qt\4.8.2\lib /LIBPATH:D:\Qt\4.8.2\lib D:\Qt\4.8.2\lib\qtmaind.lib D:\Qt\4.8.2\lib\qaxserverd.lib D:\Qt\4.8.2\lib\qaxcontainerd.lib D:\Qt\4.8.2\lib\QtGuid4.lib D:\Qt\4.8.2\lib\QtCored4.lib user32.lib ole32.lib oleaut32.lib gdi32.lib D:\Qt\4.8.2\lib\QtGui4.lib D:\Qt\4.8.2\lib\QtCore4.lib advapi32.lib qtmaind.lib QtCored4.lib QtGuid4.lib QtXmld4.lib QtXmlPatternsd4.lib kernel32.lib user32.lib gdi32.lib winspool.lib comdlg32.lib advapi32.lib shell32.lib ole32.lib oleaut32.lib uuid.lib odbc32.lib odbccp32.lib /MANIFEST /ManifestFile:"Win32\Debug\homework.exe.intermediate.manifest" /MANIFESTUAC:"level='asInvoker' uiAccess='false'" /DEBUG /PDB:"E:\Project\homework6\debug\homework.pdb" /SUBSYSTEM:CONSOLE /TLBID:1 /DYNAMICBASE /NXCOMPAT /MACHINE:X86 Win32\Debug\moc_mainwindow.obj
         Win32\Debug\moc_showdocument.obj
         Win32\Debug\Controller.obj
         Win32\Debug\FileObj.obj
         Win32\Debug\Hash.obj
         Win32\Debug\rkr_gst_match.obj
         Win32\Debug\StringCompare.obj
         Win32\Debug\Tools.obj
         Win32\Debug\XmlReader.obj
         Win32\Debug\main.obj
         Win32\Debug\mainwindow.obj
         Win32\Debug\showdocument.obj "/MANIFESTDEPENDENCY:type='win32' name='Microsoft.Windows.Common-Controls' version='6.0.0.0' publicKeyToken='6595b64144ccf1df' language='*' processorArchitecture='*'" 
         LINK : 没有找到 debug\\homework.exe 或上一个增量链接没有生成它；正在执行完全链接
            正在创建库 debug\\homework.lib 和对象 debug\\homework.exp
     1>qaxcontainerd.lib(qaxbase.obj) : warning LNK4099: 未找到 PDB“vc100.pdb”(使用“qaxcontainerd.lib(qaxbase.obj)”或在“E:\Project\homework6\debug\vc100.pdb”中寻找)；正在链接对象，如同没有调试信息一样
     1>qaxcontainerd.lib(qaxobject.obj) : warning LNK4099: 未找到 PDB“vc100.pdb”(使用“qaxcontainerd.lib(qaxobject.obj)”或在“E:\Project\homework6\debug\vc100.pdb”中寻找)；正在链接对象，如同没有调试信息一样
     1>qaxcontainerd.lib(qaxtypes.obj) : warning LNK4099: 未找到 PDB“vc100.pdb”(使用“qaxcontainerd.lib(qaxtypes.obj)”或在“E:\Project\homework6\debug\vc100.pdb”中寻找)；正在链接对象，如同没有调试信息一样
         homework.vcxproj -> E:\Project\homework6\debug\homework.exe
       Manifest:
         C:\Program Files (x86)\Microsoft SDKs\Windows\v7.0A\bin\mt.exe /nologo /verbose /outputresource:"debug\\homework.exe;#1" /manifest Win32\Debug\homework.exe.intermediate.manifest
       FinalizeBuildStatus:
         正在删除文件“Win32\Debug\homework.unsuccessfulbuild”。
         正在对“Win32\Debug\homework.lastbuildstate”执行 Touch 任务。
     1>已完成生成项目“E:\Project\homework6\homework.vcxproj”(build 个目标)的操作。

生成成功。

已用时间 00:00:02.58
