生成启动时间为 2014/6/27 16:12:06。
     1>项目“E:\Project\AnswerCard-Taoka\AnswerCard-Taoka\AnswerCard-Taoka.vcxproj”在节点 2 上(build 个目标)。
     1>InitializeBuildStatus:
         正在对“Release\AnswerCard-Taoka.unsuccessfulbuild”执行 Touch 任务。
       CustomBuild:
         所有输出均为最新。
       ClCompile:
         D:\Program Files (x86)\Microsoft Visual Studio 10.0\VC\bin\CL.exe /c /I.\GeneratedFiles /I. /ID:\Qt\4.8.2\include /I.\GeneratedFiles\Release /ID:\Qt\4.8.2\include\QtCore /ID:\Qt\4.8.2\include\QtGui /ID:\Qt\4.8.2\include\QtXml /nologo /W1 /WX- /O2 /Oy- /D UNICODE /D WIN32 /D QT_LARGEFILE_SUPPORT /D QT_DLL /D QT_NO_DEBUG /D NDEBUG /D QT_CORE_LIB /D QT_GUI_LIB /D QT_XML_LIB /Gm- /EHsc /MD /GS /fp:precise /Zc:wchar_t- /Zc:forScope /Fo"Release\\" /Fd"Release\vc100.pdb" /Gd /TP /analyze- /errorReport:prompt AnswerCardProcessing.cpp AnswerCard\ACSaveDlg.cpp AnswerCard\AnchorDlg.cpp AnswerCard\AnswerCard.cpp AnswerCard\AnswerCardDlg.cpp AnswerCard\BarCodeDlg.cpp AnswerCard\ClipDlg.cpp AnswerCard\DataIO.cpp AnswerCard\FillPointDlg.cpp AnswerCard\IdPointDlg.cpp AnswerCard\IsFrontDlg.cpp AnswerCard\LineDetectDlg.cpp AnswerCard\MarkerDlg.cpp CardSet\CardDoc.cpp CardSet\CardSetDlg.cpp GeneratedFiles\Release\moc_AnswerCardDlg.cpp GeneratedFiles\Release\moc_CardSetDlg.cpp GeneratedFiles\Release\moc_FillPointDlg.cpp GeneratedFiles\Release\moc_IdPointDlg.cpp main.cpp MarkersBoundaryTable.cpp XmlIO\DataTypeConversion.cpp
         AnswerCardProcessing.cpp
     1>e:\project\answercard-taoka\answercard-taoka\AnswerCardProcessing.h(2): fatal error C1083: 无法打开包括文件:“cv.h”: No such file or directory
         ACSaveDlg.cpp
     1>e:\project\answercard-taoka\answercard-taoka\xmlio\ACStructs.h(2): fatal error C1083: 无法打开包括文件:“cv.h”: No such file or directory
         AnchorDlg.cpp
     1>e:\project\answercard-taoka\answercard-taoka\answercard\AnswerCard.h(5): fatal error C1083: 无法打开包括文件:“cv.h”: No such file or directory
         AnswerCard.cpp
     1>e:\project\answercard-taoka\answercard-taoka\answercard\AnswerCard.h(5): fatal error C1083: 无法打开包括文件:“cv.h”: No such file or directory
         AnswerCardDlg.cpp
     1>e:\project\answercard-taoka\answercard-taoka\answercard\..\XmlIO\ACStructs.h(2): fatal error C1083: 无法打开包括文件:“cv.h”: No such file or directory
         BarCodeDlg.cpp
     1>e:\project\answercard-taoka\answercard-taoka\answercard\AnswerCard.h(5): fatal error C1083: 无法打开包括文件:“cv.h”: No such file or directory
         ClipDlg.cpp
     1>e:\project\answercard-taoka\answercard-taoka\answercard\AnswerCard.h(5): fatal error C1083: 无法打开包括文件:“cv.h”: No such file or directory
         DataIO.cpp
     1>e:\project\answercard-taoka\answercard-taoka\answercard\..\XmlIO\ACStructs.h(2): fatal error C1083: 无法打开包括文件:“cv.h”: No such file or directory
         FillPointDlg.cpp
     1>e:\project\answercard-taoka\answercard-taoka\answercard\AnswerCard.h(5): fatal error C1083: 无法打开包括文件:“cv.h”: No such file or directory
         IdPointDlg.cpp
     1>e:\project\answercard-taoka\answercard-taoka\answercard\AnswerCard.h(5): fatal error C1083: 无法打开包括文件:“cv.h”: No such file or directory
         IsFrontDlg.cpp
     1>e:\project\answercard-taoka\answercard-taoka\answercard\AnswerCard.h(5): fatal error C1083: 无法打开包括文件:“cv.h”: No such file or directory
         LineDetectDlg.cpp
     1>e:\project\answercard-taoka\answercard-taoka\answercard\AnswerCard.h(5): fatal error C1083: 无法打开包括文件:“cv.h”: No such file or directory
         MarkerDlg.cpp
     1>e:\project\answercard-taoka\answercard-taoka\answercard\AnswerCard.h(5): fatal error C1083: 无法打开包括文件:“cv.h”: No such file or directory
         CardDoc.cpp
     1>e:\project\answercard-taoka\answercard-taoka\answercard\..\XmlIO\ACStructs.h(2): fatal error C1083: 无法打开包括文件:“cv.h”: No such file or directory
         CardSetDlg.cpp
     1>e:\project\answercard-taoka\answercard-taoka\answercard\..\XmlIO\ACStructs.h(2): fatal error C1083: 无法打开包括文件:“cv.h”: No such file or directory
         moc_AnswerCardDlg.cpp
     1>e:\project\answercard-taoka\answercard-taoka\answercard\..\XmlIO\ACStructs.h(2): fatal error C1083: 无法打开包括文件:“cv.h”: No such file or directory
         moc_CardSetDlg.cpp
     1>e:\project\answercard-taoka\answercard-taoka\answercard\..\XmlIO\ACStructs.h(2): fatal error C1083: 无法打开包括文件:“cv.h”: No such file or directory
         moc_FillPointDlg.cpp
     1>e:\project\answercard-taoka\answercard-taoka\answercard\AnswerCard.h(5): fatal error C1083: 无法打开包括文件:“cv.h”: No such file or directory
         moc_IdPointDlg.cpp
     1>e:\project\answercard-taoka\answercard-taoka\answercard\AnswerCard.h(5): fatal error C1083: 无法打开包括文件:“cv.h”: No such file or directory
         main.cpp
     1>e:\project\answercard-taoka\answercard-taoka\answercard\..\XmlIO\ACStructs.h(2): fatal error C1083: 无法打开包括文件:“cv.h”: No such file or directory
         正在生成代码...
         正在编译...
         MarkersBoundaryTable.cpp
     1>e:\project\answercard-taoka\answercard-taoka\MarkersBoundaryTable.h(2): fatal error C1083: 无法打开包括文件:“cv.h”: No such file or directory
         DataTypeConversion.cpp
     1>e:\project\answercard-taoka\answercard-taoka\xmlio\DataTypeConversion.h(3): fatal error C1083: 无法打开包括文件:“cv.h”: No such file or directory
         正在生成代码...
     1>已完成生成项目“E:\Project\AnswerCard-Taoka\AnswerCard-Taoka\AnswerCard-Taoka.vcxproj”(build 个目标)的操作 - 失败。

生成失败。

已用时间 00:00:10.96
