F:\PROJECT2012\TANKGAME\TANKGAME\RELEASE\TANK_MODEL_TYPEC.OBJ
F:\PROJECT2012\TANKGAME\TANKGAME\RELEASE\TANK_MODEL_TYPEB.OBJ
F:\PROJECT2012\TANKGAME\TANKGAME\RELEASE\TANK_MODEL_TYPEA.OBJ
F:\PROJECT2012\TANKGAME\TANKGAME\RELEASE\TANK_MODEL.OBJ
F:\PROJECT2012\TANKGAME\TANKGAME\RELEASE\TANK_MANAGER.OBJ
F:\PROJECT2012\TANKGAME\TANKGAME\RELEASE\TANK_CONTROLLER.OBJ
F:\PROJECT2012\TANKGAME\TANKGAME\RELEASE\SHELL.OBJ
F:\PROJECT2012\TANKGAME\TANKGAME\RELEASE\SCENE_OBJECT_LAND.OBJ
F:\PROJECT2012\TANKGAME\TANKGAME\RELEASE\SCENE_OBJECT.OBJ
F:\PROJECT2012\TANKGAME\TANKGAME\RELEASE\SCENE_MANAGER.OBJ
F:\PROJECT2012\TANKGAME\TANKGAME\RELEASE\PHYSICS_SYSTEM.OBJ
F:\PROJECT2012\TANKGAME\TANKGAME\RELEASE\MAIN.OBJ
F:\PROJECT2012\TANKGAME\TANKGAME\RELEASE\BASEDEFINE.OBJ
F:\PROJECT2012\TANKGAME\TANKGAME\RELEASE\GAME_SYSTEM.OBJ
F:\PROJECT2012\TANKGAME\TANKGAME\RELEASE\CONTROL_SYSTEM.OBJ
F:\PROJECT2012\TANKGAME\TANKGAME\RELEASE\VC110.PDB
F:\project2012\TankGame\TankGame\Release\BaseDefine.obj
F:\project2012\TankGame\TankGame\Release\Control_System.obj
F:\project2012\TankGame\TankGame\Release\Game_System.obj
F:\project2012\TankGame\TankGame\Release\main.obj
F:\project2012\TankGame\TankGame\Release\Physics_System.obj
F:\project2012\TankGame\TankGame\Release\Scene_Manager.obj
F:\project2012\TankGame\TankGame\Release\Scene_Object.obj
F:\project2012\TankGame\TankGame\Release\Scene_Object_Land.obj
F:\project2012\TankGame\TankGame\Release\Shell.obj
F:\project2012\TankGame\TankGame\Release\Tank_Controller.obj
F:\project2012\TankGame\TankGame\Release\Tank_Manager.obj
F:\project2012\TankGame\TankGame\Release\Tank_Model.obj
F:\project2012\TankGame\TankGame\Release\Tank_Model_TypeA.obj
F:\project2012\TankGame\TankGame\Release\Tank_Model_TypeB.obj
F:\project2012\TankGame\TankGame\Release\Tank_Model_TypeC.obj
F:\project2012\TankGame\TankGame\Release\cl.command.1.tlog
F:\project2012\TankGame\TankGame\Release\CL.read.1.tlog
F:\project2012\TankGame\TankGame\Release\CL.write.1.tlog
F:\project2012\TankGame\TankGame\Release\link.command.1.tlog
F:\project2012\TankGame\TankGame\Release\link.read.1.tlog
F:\project2012\TankGame\TankGame\Release\link.write.1.tlog
F:\project2012\TankGame\TankGame\Release\vc110.pdb
