I:\答题卡项目\卡格式软件\ANSWERCARD-TYPE3-V1.0\ANSWERCARD\GENERATEDFILES\QRC_ANSWERCARDDLG.CPP
I:\答题卡项目\卡格式软件\ANSWERCARD-TYPE3-V1.0\ANSWERCARD\GENERATEDFILES\RELEASE\MOC_ACSAVEDLG.CPP
I:\答题卡项目\卡格式软件\ANSWERCARD-TYPE3-V1.0\ANSWERCARD\GENERATEDFILES\RELEASE\MOC_ADDPAGEDLG.CPP
I:\答题卡项目\卡格式软件\ANSWERCARD-TYPE3-V1.0\ANSWERCARD\GENERATEDFILES\RELEASE\MOC_ANCHORDLG.CPP
I:\答题卡项目\卡格式软件\ANSWERCARD-TYPE3-V1.0\ANSWERCARD\GENERATEDFILES\RELEASE\MOC_ANCHORRECTDLG.CPP
I:\答题卡项目\卡格式软件\ANSWERCARD-TYPE3-V1.0\ANSWERCARD\GENERATEDFILES\RELEASE\MOC_ANSWERCARDDLG3.CPP
I:\答题卡项目\卡格式软件\ANSWERCARD-TYPE3-V1.0\ANSWERCARD\GENERATEDFILES\RELEASE\MOC_BARCODEDLG.CPP
I:\答题卡项目\卡格式软件\ANSWERCARD-TYPE3-V1.0\ANSWERCARD\GENERATEDFILES\RELEASE\MOC_CARDSETDLG.CPP
I:\答题卡项目\卡格式软件\ANSWERCARD-TYPE3-V1.0\ANSWERCARD\GENERATEDFILES\RELEASE\MOC_CLEARDLG.CPP
I:\答题卡项目\卡格式软件\ANSWERCARD-TYPE3-V1.0\ANSWERCARD\GENERATEDFILES\RELEASE\MOC_CLIPDLG.CPP
I:\答题卡项目\卡格式软件\ANSWERCARD-TYPE3-V1.0\ANSWERCARD\GENERATEDFILES\RELEASE\MOC_CREATECARDDLG.CPP
I:\答题卡项目\卡格式软件\ANSWERCARD-TYPE3-V1.0\ANSWERCARD\GENERATEDFILES\RELEASE\MOC_FILLPOINTDLG.CPP
I:\答题卡项目\卡格式软件\ANSWERCARD-TYPE3-V1.0\ANSWERCARD\GENERATEDFILES\RELEASE\MOC_INPUTNUMBERDLG.CPP
I:\答题卡项目\卡格式软件\ANSWERCARD-TYPE3-V1.0\ANSWERCARD\GENERATEDFILES\RELEASE\MOC_ISFRONTDLG.CPP
I:\答题卡项目\卡格式软件\ANSWERCARD-TYPE3-V1.0\ANSWERCARD\GENERATEDFILES\RELEASE\MOC_LINEDETECTDLG.CPP
I:\答题卡项目\卡格式软件\ANSWERCARD-TYPE3-V1.0\ANSWERCARD\GENERATEDFILES\RELEASE\MOC_MARKERMAKEDLG.CPP
I:\答题卡项目\卡格式软件\ANSWERCARD-TYPE3-V1.0\ANSWERCARD\GENERATEDFILES\RELEASE\MOC_PAGEPOINTDLG.CPP
I:\答题卡项目\卡格式软件\ANSWERCARD-TYPE3-V1.0\ANSWERCARD\GENERATEDFILES\UI_ACSAVEDLG.H
I:\答题卡项目\卡格式软件\ANSWERCARD-TYPE3-V1.0\ANSWERCARD\GENERATEDFILES\UI_ADDPAGEDLG.H
I:\答题卡项目\卡格式软件\ANSWERCARD-TYPE3-V1.0\ANSWERCARD\GENERATEDFILES\UI_ANCHORDLG.H
I:\答题卡项目\卡格式软件\ANSWERCARD-TYPE3-V1.0\ANSWERCARD\GENERATEDFILES\UI_ANCHORRECTDLG.H
I:\答题卡项目\卡格式软件\ANSWERCARD-TYPE3-V1.0\ANSWERCARD\GENERATEDFILES\UI_ANSWERCARDDLG3.H
I:\答题卡项目\卡格式软件\ANSWERCARD-TYPE3-V1.0\ANSWERCARD\GENERATEDFILES\UI_BARCODEDLG.H
I:\答题卡项目\卡格式软件\ANSWERCARD-TYPE3-V1.0\ANSWERCARD\GENERATEDFILES\UI_CARDSETDLG.H
I:\答题卡项目\卡格式软件\ANSWERCARD-TYPE3-V1.0\ANSWERCARD\GENERATEDFILES\UI_CLEARDLG.H
I:\答题卡项目\卡格式软件\ANSWERCARD-TYPE3-V1.0\ANSWERCARD\GENERATEDFILES\UI_CLIPDLG.H
I:\答题卡项目\卡格式软件\ANSWERCARD-TYPE3-V1.0\ANSWERCARD\GENERATEDFILES\UI_CREATECARDDLG.H
I:\答题卡项目\卡格式软件\ANSWERCARD-TYPE3-V1.0\ANSWERCARD\GENERATEDFILES\UI_FILLPOINTDLG.H
I:\答题卡项目\卡格式软件\ANSWERCARD-TYPE3-V1.0\ANSWERCARD\GENERATEDFILES\UI_INPUTNUMBERDLG.H
I:\答题卡项目\卡格式软件\ANSWERCARD-TYPE3-V1.0\ANSWERCARD\GENERATEDFILES\UI_ISFRONTDLG.H
I:\答题卡项目\卡格式软件\ANSWERCARD-TYPE3-V1.0\ANSWERCARD\GENERATEDFILES\UI_LINEDETECTDLG.H
I:\答题卡项目\卡格式软件\ANSWERCARD-TYPE3-V1.0\ANSWERCARD\GENERATEDFILES\UI_MARKERMAKEDLG.H
I:\答题卡项目\卡格式软件\ANSWERCARD-TYPE3-V1.0\ANSWERCARD\GENERATEDFILES\UI_PAGEPOINTDLG.H
I:\答题卡项目\卡格式软件\ANSWERCARD-TYPE3-V1.0\ANSWERCARD\RELEASE\AC3.EXE.INTERMEDIATE.MANIFEST
I:\答题卡项目\卡格式软件\ANSWERCARD-TYPE3-V1.0\ANSWERCARD\RELEASE\ACSAVEDLG.OBJ
I:\答题卡项目\卡格式软件\ANSWERCARD-TYPE3-V1.0\ANSWERCARD\RELEASE\ACUNZIP.OBJ
I:\答题卡项目\卡格式软件\ANSWERCARD-TYPE3-V1.0\ANSWERCARD\RELEASE\ACZIP.OBJ
I:\答题卡项目\卡格式软件\ANSWERCARD-TYPE3-V1.0\ANSWERCARD\RELEASE\ADDPAGEDLG.OBJ
I:\答题卡项目\卡格式软件\ANSWERCARD-TYPE3-V1.0\ANSWERCARD\RELEASE\ANCHORDLG.OBJ
I:\答题卡项目\卡格式软件\ANSWERCARD-TYPE3-V1.0\ANSWERCARD\RELEASE\ANCHORRECTDLG.OBJ
I:\答题卡项目\卡格式软件\ANSWERCARD-TYPE3-V1.0\ANSWERCARD\RELEASE\ANSWERCARD.OBJ
I:\答题卡项目\卡格式软件\AnswerCard-type3-V1.0\AnswerCard\Release\AnswerCard.write.1.tlog
I:\答题卡项目\卡格式软件\ANSWERCARD-TYPE3-V1.0\ANSWERCARD\RELEASE\ANSWERCARDDLG3.OBJ
I:\答题卡项目\卡格式软件\ANSWERCARD-TYPE3-V1.0\ANSWERCARD\RELEASE\ANSWERCARDPROCESSING.OBJ
I:\答题卡项目\卡格式软件\ANSWERCARD-TYPE3-V1.0\ANSWERCARD\RELEASE\BARCODEDLG.OBJ
I:\答题卡项目\卡格式软件\ANSWERCARD-TYPE3-V1.0\ANSWERCARD\RELEASE\CARDSETDLG.OBJ
I:\答题卡项目\卡格式软件\ANSWERCARD-TYPE3-V1.0\ANSWERCARD\RELEASE\CHINESECODE.OBJ
I:\答题卡项目\卡格式软件\AnswerCard-type3-V1.0\AnswerCard\Release\cl.command.1.tlog
I:\答题卡项目\卡格式软件\AnswerCard-type3-V1.0\AnswerCard\Release\CL.read.1.tlog
I:\答题卡项目\卡格式软件\AnswerCard-type3-V1.0\AnswerCard\Release\CL.write.1.tlog
I:\答题卡项目\卡格式软件\ANSWERCARD-TYPE3-V1.0\ANSWERCARD\RELEASE\CLEARDLG.OBJ
I:\答题卡项目\卡格式软件\ANSWERCARD-TYPE3-V1.0\ANSWERCARD\RELEASE\CLIPDLG.OBJ
I:\答题卡项目\卡格式软件\ANSWERCARD-TYPE3-V1.0\ANSWERCARD\RELEASE\CREATECARDDLG.OBJ
I:\答题卡项目\卡格式软件\AnswerCard-type3-V1.0\AnswerCard\Release\custombuild.command.1.tlog
I:\答题卡项目\卡格式软件\AnswerCard-type3-V1.0\AnswerCard\Release\custombuild.read.1.tlog
I:\答题卡项目\卡格式软件\AnswerCard-type3-V1.0\AnswerCard\Release\custombuild.write.1.tlog
I:\答题卡项目\卡格式软件\ANSWERCARD-TYPE3-V1.0\ANSWERCARD\RELEASE\DATAIO.OBJ
I:\答题卡项目\卡格式软件\ANSWERCARD-TYPE3-V1.0\ANSWERCARD\RELEASE\DATATYPECONVERSION.OBJ
I:\答题卡项目\卡格式软件\ANSWERCARD-TYPE3-V1.0\ANSWERCARD\RELEASE\FILLPOINTDLG.OBJ
I:\答题卡项目\卡格式软件\ANSWERCARD-TYPE3-V1.0\ANSWERCARD\RELEASE\INPUTNUMBERDLG.OBJ
I:\答题卡项目\卡格式软件\ANSWERCARD-TYPE3-V1.0\ANSWERCARD\RELEASE\ISFRONTDLG.OBJ
I:\答题卡项目\卡格式软件\ANSWERCARD-TYPE3-V1.0\ANSWERCARD\RELEASE\LINEDETECTDLG.OBJ
I:\答题卡项目\卡格式软件\AnswerCard-type3-V1.0\AnswerCard\Release\link.command.1.tlog
I:\答题卡项目\卡格式软件\AnswerCard-type3-V1.0\AnswerCard\Release\link.read.1.tlog
I:\答题卡项目\卡格式软件\AnswerCard-type3-V1.0\AnswerCard\Release\link.write.1.tlog
I:\答题卡项目\卡格式软件\ANSWERCARD-TYPE3-V1.0\ANSWERCARD\RELEASE\MAIN.OBJ
I:\答题卡项目\卡格式软件\ANSWERCARD-TYPE3-V1.0\ANSWERCARD\RELEASE\MARKERMAKEDLG.OBJ
I:\答题卡项目\卡格式软件\ANSWERCARD-TYPE3-V1.0\ANSWERCARD\RELEASE\MARKERSBOUNDARYTABLE.OBJ
I:\答题卡项目\卡格式软件\ANSWERCARD-TYPE3-V1.0\ANSWERCARD\RELEASE\MOC_ACSAVEDLG.OBJ
I:\答题卡项目\卡格式软件\ANSWERCARD-TYPE3-V1.0\ANSWERCARD\RELEASE\MOC_ADDPAGEDLG.OBJ
I:\答题卡项目\卡格式软件\ANSWERCARD-TYPE3-V1.0\ANSWERCARD\RELEASE\MOC_ANCHORDLG.OBJ
I:\答题卡项目\卡格式软件\ANSWERCARD-TYPE3-V1.0\ANSWERCARD\RELEASE\MOC_ANCHORRECTDLG.OBJ
I:\答题卡项目\卡格式软件\ANSWERCARD-TYPE3-V1.0\ANSWERCARD\RELEASE\MOC_ANSWERCARDDLG3.OBJ
I:\答题卡项目\卡格式软件\ANSWERCARD-TYPE3-V1.0\ANSWERCARD\RELEASE\MOC_BARCODEDLG.OBJ
I:\答题卡项目\卡格式软件\ANSWERCARD-TYPE3-V1.0\ANSWERCARD\RELEASE\MOC_CARDSETDLG.OBJ
I:\答题卡项目\卡格式软件\ANSWERCARD-TYPE3-V1.0\ANSWERCARD\RELEASE\MOC_CLEARDLG.OBJ
I:\答题卡项目\卡格式软件\ANSWERCARD-TYPE3-V1.0\ANSWERCARD\RELEASE\MOC_CLIPDLG.OBJ
I:\答题卡项目\卡格式软件\ANSWERCARD-TYPE3-V1.0\ANSWERCARD\RELEASE\MOC_CREATECARDDLG.OBJ
I:\答题卡项目\卡格式软件\ANSWERCARD-TYPE3-V1.0\ANSWERCARD\RELEASE\MOC_FILLPOINTDLG.OBJ
I:\答题卡项目\卡格式软件\ANSWERCARD-TYPE3-V1.0\ANSWERCARD\RELEASE\MOC_INPUTNUMBERDLG.OBJ
I:\答题卡项目\卡格式软件\ANSWERCARD-TYPE3-V1.0\ANSWERCARD\RELEASE\MOC_ISFRONTDLG.OBJ
I:\答题卡项目\卡格式软件\ANSWERCARD-TYPE3-V1.0\ANSWERCARD\RELEASE\MOC_LINEDETECTDLG.OBJ
I:\答题卡项目\卡格式软件\ANSWERCARD-TYPE3-V1.0\ANSWERCARD\RELEASE\MOC_MARKERMAKEDLG.OBJ
I:\答题卡项目\卡格式软件\ANSWERCARD-TYPE3-V1.0\ANSWERCARD\RELEASE\MOC_PAGEPOINTDLG.OBJ
I:\答题卡项目\卡格式软件\AnswerCard-type3-V1.0\AnswerCard\Release\mt.command.1.tlog
I:\答题卡项目\卡格式软件\AnswerCard-type3-V1.0\AnswerCard\Release\mt.read.1.tlog
I:\答题卡项目\卡格式软件\AnswerCard-type3-V1.0\AnswerCard\Release\mt.write.1.tlog
I:\答题卡项目\卡格式软件\ANSWERCARD-TYPE3-V1.0\ANSWERCARD\RELEASE\PAGEPOINTDLG.OBJ
I:\答题卡项目\卡格式软件\ANSWERCARD-TYPE3-V1.0\ANSWERCARD\RELEASE\QRC_ANSWERCARDDLG.OBJ
I:\答题卡项目\卡格式软件\ANSWERCARD-TYPE3-V1.0\WIN32\RELEASE\AC3.EXE
