F:\PROJECT\QT_VS\ANSWERCARD-V3\ANSWERCARD\GENERATEDFILES\QRC_ANSWERCARDDLG.CPP
F:\PROJECT\QT_VS\ANSWERCARD-V3\ANSWERCARD\GENERATEDFILES\RELEASE\MOC_ACSAVEDLG.CPP
F:\PROJECT\QT_VS\ANSWERCARD-V3\ANSWERCARD\GENERATEDFILES\RELEASE\MOC_ANCHORDLG.CPP
F:\PROJECT\QT_VS\ANSWERCARD-V3\ANSWERCARD\GENERATEDFILES\RELEASE\MOC_ANSWERCARDDLG.CPP
F:\PROJECT\QT_VS\ANSWERCARD-V3\ANSWERCARD\GENERATEDFILES\RELEASE\MOC_BARCODEDLG.CPP
F:\PROJECT\QT_VS\ANSWERCARD-V3\ANSWERCARD\GENERATEDFILES\RELEASE\MOC_CLIPDLG.CPP
F:\PROJECT\QT_VS\ANSWERCARD-V3\ANSWERCARD\GENERATEDFILES\RELEASE\MOC_FILLPOINTDLG.CPP
F:\PROJECT\QT_VS\ANSWERCARD-V3\ANSWERCARD\GENERATEDFILES\RELEASE\MOC_MARKERDLG.CPP
F:\PROJECT\QT_VS\ANSWERCARD-V3\ANSWERCARD\GENERATEDFILES\UI_ACSAVEDLG.H
F:\PROJECT\QT_VS\ANSWERCARD-V3\ANSWERCARD\GENERATEDFILES\UI_ANCHORDLG.H
F:\PROJECT\QT_VS\ANSWERCARD-V3\ANSWERCARD\GENERATEDFILES\UI_ANSWERCARDDLG.H
F:\PROJECT\QT_VS\ANSWERCARD-V3\ANSWERCARD\GENERATEDFILES\UI_BARCODEDLG.H
F:\PROJECT\QT_VS\ANSWERCARD-V3\ANSWERCARD\GENERATEDFILES\UI_CLIPDLG.H
F:\PROJECT\QT_VS\ANSWERCARD-V3\ANSWERCARD\GENERATEDFILES\UI_FILLPOINTDLG.H
F:\PROJECT\QT_VS\ANSWERCARD-V3\ANSWERCARD\GENERATEDFILES\UI_MARKERDLG.H
F:\PROJECT\QT_VS\ANSWERCARD-V3\ANSWERCARD\RELEASE\ACSAVEDLG.OBJ
F:\PROJECT\QT_VS\ANSWERCARD-V3\ANSWERCARD\RELEASE\ANCHORDLG.OBJ
F:\PROJECT\QT_VS\ANSWERCARD-V3\ANSWERCARD\RELEASE\ANSWERCARD.EXE.INTERMEDIATE.MANIFEST
F:\PROJECT\QT_VS\ANSWERCARD-V3\ANSWERCARD\RELEASE\ANSWERCARD.OBJ
F:\PROJECT\QT_VS\ANSWERCARD-V3\ANSWERCARD\RELEASE\ANSWERCARDDLG.OBJ
F:\PROJECT\QT_VS\ANSWERCARD-V3\ANSWERCARD\RELEASE\ANSWERCARDPROCESSING.OBJ
F:\PROJECT\QT_VS\ANSWERCARD-V3\ANSWERCARD\RELEASE\BARCODEDLG.OBJ
F:\PROJECT\QT_VS\ANSWERCARD-V3\ANSWERCARD\RELEASE\CLIPDLG.OBJ
F:\PROJECT\QT_VS\ANSWERCARD-V3\ANSWERCARD\RELEASE\FILLPOINTDLG.OBJ
F:\PROJECT\QT_VS\ANSWERCARD-V3\ANSWERCARD\RELEASE\MAIN.OBJ
F:\PROJECT\QT_VS\ANSWERCARD-V3\ANSWERCARD\RELEASE\MARKERDLG.OBJ
F:\PROJECT\QT_VS\ANSWERCARD-V3\ANSWERCARD\RELEASE\MARKERSBOUNDARYTABLE.OBJ
F:\PROJECT\QT_VS\ANSWERCARD-V3\ANSWERCARD\RELEASE\MOC_ACSAVEDLG.OBJ
F:\PROJECT\QT_VS\ANSWERCARD-V3\ANSWERCARD\RELEASE\MOC_ANCHORDLG.OBJ
F:\PROJECT\QT_VS\ANSWERCARD-V3\ANSWERCARD\RELEASE\MOC_ANSWERCARDDLG.OBJ
F:\PROJECT\QT_VS\ANSWERCARD-V3\ANSWERCARD\RELEASE\MOC_BARCODEDLG.OBJ
F:\PROJECT\QT_VS\ANSWERCARD-V3\ANSWERCARD\RELEASE\MOC_CLIPDLG.OBJ
F:\PROJECT\QT_VS\ANSWERCARD-V3\ANSWERCARD\RELEASE\MOC_FILLPOINTDLG.OBJ
F:\PROJECT\QT_VS\ANSWERCARD-V3\ANSWERCARD\RELEASE\MOC_MARKERDLG.OBJ
F:\PROJECT\QT_VS\ANSWERCARD-V3\ANSWERCARD\RELEASE\QRC_ANSWERCARDDLG.OBJ
F:\PROJECT\QT_VS\ANSWERCARD-V3\ANSWERCARD\RELEASE\XMLIO.OBJ
F:\PROJECT\QT_VS\ANSWERCARD-V3\WIN32\RELEASE\ANSWERCARD.EXE
F:\PROJECT\QT_VS\ANSWERCARD-V4\ANSWERCARD\GENERATEDFILES\QRC_ANSWERCARDDLG.CPP
F:\PROJECT\QT_VS\ANSWERCARD-V4\ANSWERCARD\GENERATEDFILES\RELEASE\MOC_ACSAVEDLG.CPP
F:\PROJECT\QT_VS\ANSWERCARD-V4\ANSWERCARD\GENERATEDFILES\RELEASE\MOC_ANCHORDLG.CPP
F:\PROJECT\QT_VS\ANSWERCARD-V4\ANSWERCARD\GENERATEDFILES\RELEASE\MOC_ANSWERCARDDLG.CPP
F:\PROJECT\QT_VS\ANSWERCARD-V4\ANSWERCARD\GENERATEDFILES\RELEASE\MOC_BARCODEDLG.CPP
F:\PROJECT\QT_VS\ANSWERCARD-V4\ANSWERCARD\GENERATEDFILES\RELEASE\MOC_CLIPDLG.CPP
F:\PROJECT\QT_VS\ANSWERCARD-V4\ANSWERCARD\GENERATEDFILES\RELEASE\MOC_FILLPOINTDLG.CPP
F:\PROJECT\QT_VS\ANSWERCARD-V4\ANSWERCARD\GENERATEDFILES\RELEASE\MOC_MARKERDLG.CPP
F:\PROJECT\QT_VS\ANSWERCARD-V4\ANSWERCARD\GENERATEDFILES\UI_ACSAVEDLG.H
F:\PROJECT\QT_VS\ANSWERCARD-V4\ANSWERCARD\GENERATEDFILES\UI_ANCHORDLG.H
F:\PROJECT\QT_VS\ANSWERCARD-V4\ANSWERCARD\GENERATEDFILES\UI_ANSWERCARDDLG.H
F:\PROJECT\QT_VS\ANSWERCARD-V4\ANSWERCARD\GENERATEDFILES\UI_BARCODEDLG.H
F:\PROJECT\QT_VS\ANSWERCARD-V4\ANSWERCARD\GENERATEDFILES\UI_CLIPDLG.H
F:\PROJECT\QT_VS\ANSWERCARD-V4\ANSWERCARD\GENERATEDFILES\UI_FILLPOINTDLG.H
F:\PROJECT\QT_VS\ANSWERCARD-V4\ANSWERCARD\GENERATEDFILES\UI_MARKERDLG.H
F:\PROJECT\QT_VS\ANSWERCARD-V4\ANSWERCARD\RELEASE\ACSAVEDLG.OBJ
F:\PROJECT\QT_VS\ANSWERCARD-V4\ANSWERCARD\RELEASE\ANCHORDLG.OBJ
F:\PROJECT\QT_VS\ANSWERCARD-V4\ANSWERCARD\RELEASE\ANSWERCARD.EXE.INTERMEDIATE.MANIFEST
F:\PROJECT\QT_VS\ANSWERCARD-V4\ANSWERCARD\RELEASE\ANSWERCARD.OBJ
F:\PROJECT\QT_VS\ANSWERCARD-V4\ANSWERCARD\RELEASE\ANSWERCARDDLG.OBJ
F:\PROJECT\QT_VS\ANSWERCARD-V4\ANSWERCARD\RELEASE\ANSWERCARDPROCESSING.OBJ
F:\PROJECT\QT_VS\ANSWERCARD-V4\ANSWERCARD\RELEASE\BARCODEDLG.OBJ
F:\PROJECT\QT_VS\ANSWERCARD-V4\ANSWERCARD\RELEASE\CHINESECODE.OBJ
F:\PROJECT\QT_VS\ANSWERCARD-V4\ANSWERCARD\RELEASE\CLIPDLG.OBJ
F:\PROJECT\QT_VS\ANSWERCARD-V4\ANSWERCARD\RELEASE\DATAIO.OBJ
F:\PROJECT\QT_VS\ANSWERCARD-V4\ANSWERCARD\RELEASE\DATATYPECONVERSION.OBJ
F:\PROJECT\QT_VS\ANSWERCARD-V4\ANSWERCARD\RELEASE\FILLPOINTDLG.OBJ
F:\PROJECT\QT_VS\ANSWERCARD-V4\ANSWERCARD\RELEASE\MAIN.OBJ
F:\PROJECT\QT_VS\ANSWERCARD-V4\ANSWERCARD\RELEASE\MARKERDLG.OBJ
F:\PROJECT\QT_VS\ANSWERCARD-V4\ANSWERCARD\RELEASE\MARKERSBOUNDARYTABLE.OBJ
F:\PROJECT\QT_VS\ANSWERCARD-V4\ANSWERCARD\RELEASE\MOC_ACSAVEDLG.OBJ
F:\PROJECT\QT_VS\ANSWERCARD-V4\ANSWERCARD\RELEASE\MOC_ANCHORDLG.OBJ
F:\PROJECT\QT_VS\ANSWERCARD-V4\ANSWERCARD\RELEASE\MOC_ANSWERCARDDLG.OBJ
F:\PROJECT\QT_VS\ANSWERCARD-V4\ANSWERCARD\RELEASE\MOC_BARCODEDLG.OBJ
F:\PROJECT\QT_VS\ANSWERCARD-V4\ANSWERCARD\RELEASE\MOC_CLIPDLG.OBJ
F:\PROJECT\QT_VS\ANSWERCARD-V4\ANSWERCARD\RELEASE\MOC_FILLPOINTDLG.OBJ
F:\PROJECT\QT_VS\ANSWERCARD-V4\ANSWERCARD\RELEASE\MOC_MARKERDLG.OBJ
F:\PROJECT\QT_VS\ANSWERCARD-V4\ANSWERCARD\RELEASE\QRC_ANSWERCARDDLG.OBJ
F:\PROJECT\QT_VS\ANSWERCARD-V4\ANSWERCARD\RELEASE\XMLIO.OBJ
F:\PROJECT\QT_VS\ANSWERCARD-V4\WIN32\RELEASE\ANSWERCARD.EXE
F:\PROJECT\QT_VS\ANSWERCARD-V5\ANSWERCARD\GENERATEDFILES\QRC_ANSWERCARDDLG.CPP
F:\PROJECT\QT_VS\ANSWERCARD-V5\ANSWERCARD\GENERATEDFILES\RELEASE\MOC_ACSAVEDLG.CPP
F:\PROJECT\QT_VS\ANSWERCARD-V5\ANSWERCARD\GENERATEDFILES\RELEASE\MOC_ANCHORDLG.CPP
F:\PROJECT\QT_VS\ANSWERCARD-V5\ANSWERCARD\GENERATEDFILES\RELEASE\MOC_ANSWERCARDDLG.CPP
F:\PROJECT\QT_VS\ANSWERCARD-V5\ANSWERCARD\GENERATEDFILES\RELEASE\MOC_BARCODEDLG.CPP
F:\PROJECT\QT_VS\ANSWERCARD-V5\ANSWERCARD\GENERATEDFILES\RELEASE\MOC_CLIPDLG.CPP
F:\PROJECT\QT_VS\ANSWERCARD-V5\ANSWERCARD\GENERATEDFILES\RELEASE\MOC_FILLPOINTDLG.CPP
F:\PROJECT\QT_VS\ANSWERCARD-V5\ANSWERCARD\GENERATEDFILES\RELEASE\MOC_MARKERDLG.CPP
F:\PROJECT\QT_VS\ANSWERCARD-V5\ANSWERCARD\GENERATEDFILES\UI_ACSAVEDLG.H
F:\PROJECT\QT_VS\ANSWERCARD-V5\ANSWERCARD\GENERATEDFILES\UI_ANCHORDLG.H
F:\PROJECT\QT_VS\ANSWERCARD-V5\ANSWERCARD\GENERATEDFILES\UI_ANSWERCARDDLG.H
F:\PROJECT\QT_VS\ANSWERCARD-V5\ANSWERCARD\GENERATEDFILES\UI_BARCODEDLG.H
F:\PROJECT\QT_VS\ANSWERCARD-V5\ANSWERCARD\GENERATEDFILES\UI_CLIPDLG.H
F:\PROJECT\QT_VS\ANSWERCARD-V5\ANSWERCARD\GENERATEDFILES\UI_FILLPOINTDLG.H
F:\PROJECT\QT_VS\ANSWERCARD-V5\ANSWERCARD\GENERATEDFILES\UI_MARKERDLG.H
F:\PROJECT\QT_VS\ANSWERCARD-V5\ANSWERCARD\RELEASE\ACSAVEDLG.OBJ
F:\PROJECT\QT_VS\ANSWERCARD-V5\ANSWERCARD\RELEASE\ANCHORDLG.OBJ
F:\PROJECT\QT_VS\ANSWERCARD-V5\ANSWERCARD\RELEASE\ANSWERCARD.EXE.INTERMEDIATE.MANIFEST
F:\PROJECT\QT_VS\ANSWERCARD-V5\ANSWERCARD\RELEASE\ANSWERCARD.OBJ
F:\Project\QT_VS\AnswerCard-V5\AnswerCard\Release\AnswerCard.vcxprojResolveAssemblyReference.cache
F:\Project\QT_VS\AnswerCard-V5\AnswerCard\Release\AnswerCard.write.1.tlog
F:\PROJECT\QT_VS\ANSWERCARD-V5\ANSWERCARD\RELEASE\ANSWERCARDDLG.OBJ
F:\PROJECT\QT_VS\ANSWERCARD-V5\ANSWERCARD\RELEASE\ANSWERCARDPROCESSING.OBJ
F:\PROJECT\QT_VS\ANSWERCARD-V5\ANSWERCARD\RELEASE\BARCODEDLG.OBJ
F:\PROJECT\QT_VS\ANSWERCARD-V5\ANSWERCARD\RELEASE\CHINESECODE.OBJ
F:\Project\QT_VS\AnswerCard-V5\AnswerCard\Release\cl.command.1.tlog
F:\Project\QT_VS\AnswerCard-V5\AnswerCard\Release\CL.read.1.tlog
F:\Project\QT_VS\AnswerCard-V5\AnswerCard\Release\CL.write.1.tlog
F:\PROJECT\QT_VS\ANSWERCARD-V5\ANSWERCARD\RELEASE\CLIPDLG.OBJ
F:\Project\QT_VS\AnswerCard-V5\AnswerCard\Release\custombuild.command.1.tlog
F:\Project\QT_VS\AnswerCard-V5\AnswerCard\Release\custombuild.read.1.tlog
F:\Project\QT_VS\AnswerCard-V5\AnswerCard\Release\custombuild.write.1.tlog
F:\PROJECT\QT_VS\ANSWERCARD-V5\ANSWERCARD\RELEASE\DATAIO.OBJ
F:\PROJECT\QT_VS\ANSWERCARD-V5\ANSWERCARD\RELEASE\DATATYPECONVERSION.OBJ
F:\PROJECT\QT_VS\ANSWERCARD-V5\ANSWERCARD\RELEASE\FILLPOINTDLG.OBJ
F:\Project\QT_VS\AnswerCard-V5\AnswerCard\Release\link.command.1.tlog
F:\Project\QT_VS\AnswerCard-V5\AnswerCard\Release\link.read.1.tlog
F:\Project\QT_VS\AnswerCard-V5\AnswerCard\Release\link.write.1.tlog
F:\PROJECT\QT_VS\ANSWERCARD-V5\ANSWERCARD\RELEASE\MAIN.OBJ
F:\PROJECT\QT_VS\ANSWERCARD-V5\ANSWERCARD\RELEASE\MARKERDLG.OBJ
F:\PROJECT\QT_VS\ANSWERCARD-V5\ANSWERCARD\RELEASE\MARKERSBOUNDARYTABLE.OBJ
F:\PROJECT\QT_VS\ANSWERCARD-V5\ANSWERCARD\RELEASE\MOC_ACSAVEDLG.OBJ
F:\PROJECT\QT_VS\ANSWERCARD-V5\ANSWERCARD\RELEASE\MOC_ANCHORDLG.OBJ
F:\PROJECT\QT_VS\ANSWERCARD-V5\ANSWERCARD\RELEASE\MOC_ANSWERCARDDLG.OBJ
F:\PROJECT\QT_VS\ANSWERCARD-V5\ANSWERCARD\RELEASE\MOC_BARCODEDLG.OBJ
F:\PROJECT\QT_VS\ANSWERCARD-V5\ANSWERCARD\RELEASE\MOC_CLIPDLG.OBJ
F:\PROJECT\QT_VS\ANSWERCARD-V5\ANSWERCARD\RELEASE\MOC_FILLPOINTDLG.OBJ
F:\PROJECT\QT_VS\ANSWERCARD-V5\ANSWERCARD\RELEASE\MOC_MARKERDLG.OBJ
F:\Project\QT_VS\AnswerCard-V5\AnswerCard\Release\mt.command.1.tlog
F:\Project\QT_VS\AnswerCard-V5\AnswerCard\Release\mt.read.1.tlog
F:\Project\QT_VS\AnswerCard-V5\AnswerCard\Release\mt.write.1.tlog
F:\PROJECT\QT_VS\ANSWERCARD-V5\ANSWERCARD\RELEASE\QRC_ANSWERCARDDLG.OBJ
F:\PROJECT\QT_VS\ANSWERCARD-V5\ANSWERCARD\RELEASE\XMLIO.OBJ
F:\PROJECT\QT_VS\ANSWERCARD-V5\WIN32\RELEASE\ANSWERCARD.EXE
