生成启动时间为 2015/1/16 14:29:08。
     1>项目“E:\Project\TaokaDll\XmlIO\XmlIO.vcxproj”在节点 2 上(rebuild 个目标)。
     1>_PrepareForClean:
         正在删除文件“Debug\XmlIO.lastbuildstate”。
       InitializeBuildStatus:
         正在创建“Debug\XmlIO.unsuccessfulbuild”，因为已指定“AlwaysCreate”。
       ClCompile:
         D:\Program Files (x86)\Microsoft Visual Studio 10.0\VC\bin\CL.exe /c /ZI /nologo /W3 /WX- /Od /Oy- /D WIN32 /D _DEBUG /D _WINDOWS /D _USRDLL /D XMLIO_EXPORTS /D _WINDLL /D _UNICODE /D UNICODE /Gm /EHsc /RTC1 /MDd /GS /fp:precise /Zc:wchar_t /Zc:forScope /Yc"StdAfx.h" /Fp"Debug\XmlIO.pch" /Fo"Debug\\" /Fd"Debug\vc100.pdb" /Gd /TP /analyze- /errorReport:prompt stdafx.cpp
         stdafx.cpp
         D:\Program Files (x86)\Microsoft Visual Studio 10.0\VC\bin\CL.exe /c /ZI /nologo /W3 /WX- /Od /Oy- /D WIN32 /D _DEBUG /D _WINDOWS /D _USRDLL /D XMLIO_EXPORTS /D _WINDLL /D _UNICODE /D UNICODE /Gm /EHsc /RTC1 /MDd /GS /fp:precise /Zc:wchar_t /Zc:forScope /Fo"Debug\\" /Fd"Debug\vc100.pdb" /Gd /TP /analyze- /errorReport:prompt dllmain.cpp
         dllmain.cpp
         D:\Program Files (x86)\Microsoft Visual Studio 10.0\VC\bin\CL.exe /c /ZI /nologo /W3 /WX- /Od /Oy- /D WIN32 /D _DEBUG /D _WINDOWS /D _USRDLL /D XMLIO_EXPORTS /D _WINDLL /D _UNICODE /D UNICODE /Gm /EHsc /RTC1 /MDd /GS /fp:precise /Zc:wchar_t /Zc:forScope /Yu"StdAfx.h" /Fp"Debug\XmlIO.pch" /Fo"Debug\\" /Fd"Debug\vc100.pdb" /Gd /TP /analyze- /errorReport:prompt XmlIO.cpp
         XmlIO.cpp
     1>d:\program files\opencv\include\opencv\opencv2\flann\logger.h(66): warning C4996: 'fopen': This function or variable may be unsafe. Consider using fopen_s instead. To disable deprecation, use _CRT_SECURE_NO_WARNINGS. See online help for details.
                 d:\program files (x86)\microsoft visual studio 10.0\vc\include\stdio.h(234) : 参见“fopen”的声明
     1>e:\project\taokadll\xmlio\xmliodll.h(23): warning C4091: “__declspec(dllimport)”: 没有声明变量时忽略“XmlIo”的左侧
     1>e:\project\taokadll\xmlio\xmlio.cpp(10): warning C4273: “GetACInfo”: dll 链接不一致
                 e:\project\taokadll\xmlio\xmlio.h(9) : 参见“GetACInfo”的前一个定义
     1>e:\project\taokadll\xmlio\xmlio.cpp(42): warning C4273: “GetTKInfo”: dll 链接不一致
                 e:\project\taokadll\xmlio\xmlio.h(11) : 参见“GetTKInfo”的前一个定义
     1>e:\project\taokadll\xmlio\xmlio.cpp(71): warning C4273: “freeACInfo”: dll 链接不一致
                 e:\project\taokadll\xmlio\xmlio.h(12) : 参见“freeACInfo”的前一个定义
     1>e:\project\taokadll\xmlio\xmlio.cpp(84): warning C4273: “freeTkInfo”: dll 链接不一致
                 e:\project\taokadll\xmlio\xmlio.h(13) : 参见“freeTkInfo”的前一个定义
       Link:
         D:\Program Files (x86)\Microsoft Visual Studio 10.0\VC\bin\link.exe /ERRORREPORT:PROMPT /OUT:"E:\Project\TaokaDll\Debug\XmlIO.dll" /INCREMENTAL /NOLOGO opencv_calib3d246d.lib opencv_contrib246d.lib opencv_core246d.lib opencv_features2d246d.lib opencv_flann246d.lib opencv_gpu246d.lib opencv_highgui246d.lib opencv_imgproc246d.lib opencv_legacy246d.lib opencv_ml246d.lib opencv_objdetect246d.lib opencv_ts246d.lib opencv_video246d.lib kernel32.lib user32.lib gdi32.lib winspool.lib comdlg32.lib advapi32.lib shell32.lib ole32.lib oleaut32.lib uuid.lib odbc32.lib odbccp32.lib /DEF:"XmlIO.def" /MANIFEST /ManifestFile:"Debug\XmlIO.dll.intermediate.manifest" /MANIFESTUAC:"level='asInvoker' uiAccess='false'" /DEBUG /PDB:"E:\Project\TaokaDll\Debug\XmlIO.pdb" /SUBSYSTEM:WINDOWS /TLBID:1 /DYNAMICBASE /NXCOMPAT /IMPLIB:"E:\Project\TaokaDll\Debug\XmlIO.lib" /MACHINE:X86 /DLL Debug\dllmain.obj
         Debug\stdafx.obj
         Debug\XmlIO.obj
     1>XmlIO.def(2): warning LNK4017: GetTKInfo 语句不支持目标平台；已忽略
     1>XmlIO.def(2): warning LNK4017: freeTkInfo 语句不支持目标平台；已忽略
            正在创建库 E:\Project\TaokaDll\Debug\XmlIO.lib 和对象 E:\Project\TaokaDll\Debug\XmlIO.exp
         XmlIO.vcxproj -> E:\Project\TaokaDll\Debug\XmlIO.dll
       Manifest:
         C:\Program Files (x86)\Microsoft SDKs\Windows\v7.0A\bin\mt.exe /nologo /verbose /out:"E:\Project\TaokaDll\Debug\XmlIO.dll.manifest" /manifest Debug\XmlIO.dll.intermediate.manifest
       FinalizeBuildStatus:
         正在删除文件“Debug\XmlIO.unsuccessfulbuild”。
         正在对“Debug\XmlIO.lastbuildstate”执行 Touch 任务。
     1>已完成生成项目“E:\Project\TaokaDll\XmlIO\XmlIO.vcxproj”(rebuild 个目标)的操作。

生成成功。

已用时间 00:00:05.19
