E:\PROJECT\TAOKADLL\DEBUG\XMLIO.DLL
E:\PROJECT\TAOKADLL\DEBUG\XMLIO.DLL.MANIFEST
E:\Project\TaokaDll\Debug\XmlIO.exp
E:\PROJECT\TAOKADLL\DEBUG\XMLIO.ILK
E:\Project\TaokaDll\Debug\XmlIO.lib
E:\PROJECT\TAOKADLL\DEBUG\XMLIO.PDB
E:\Project\TaokaDll\XmlIO\Debug\cl.command.1.tlog
E:\Project\TaokaDll\XmlIO\Debug\CL.read.1.tlog
E:\Project\TaokaDll\XmlIO\Debug\CL.write.1.tlog
E:\PROJECT\TAOKADLL\XMLIO\DEBUG\DLLMAIN.OBJ
E:\Project\TaokaDll\XmlIO\Debug\link.command.1.tlog
E:\Project\TaokaDll\XmlIO\Debug\link.read.1.tlog
E:\Project\TaokaDll\XmlIO\Debug\link.write.1.tlog
E:\Project\TaokaDll\XmlIO\Debug\mt.command.1.tlog
E:\Project\TaokaDll\XmlIO\Debug\mt.read.1.tlog
E:\Project\TaokaDll\XmlIO\Debug\mt.write.1.tlog
E:\PROJECT\TAOKADLL\XMLIO\DEBUG\STDAFX.OBJ
E:\Project\TaokaDll\XmlIO\Debug\vc100.idb
E:\PROJECT\TAOKADLL\XMLIO\DEBUG\VC100.PDB
E:\PROJECT\TAOKADLL\XMLIO\DEBUG\XMLIO.DLL.INTERMEDIATE.MANIFEST
E:\PROJECT\TAOKADLL\XMLIO\DEBUG\XMLIO.OBJ
E:\PROJECT\TAOKADLL\XMLIO\DEBUG\XMLIO.PCH
E:\Project\TaokaDll\XmlIO\Debug\XmlIO.write.1.tlog
