debug\homework.ilk
debug\homework.pdb
E:\PROJECT\HOMEWORK3\DEBUG\HOMEWORK.EXE
E:\PROJECT\HOMEWORK3\DEBUG\HOMEWORK.ILK
E:\PROJECT\HOMEWORK3\DEBUG\HOMEWORK.PDB
E:\PROJECT\HOMEWORK3\DEBUG\MOC_MAINWINDOW.CPP
E:\PROJECT\HOMEWORK3\DEBUG\MOC_SHOWDOCUMENT.CPP
E:\PROJECT\HOMEWORK3\GENERATEDFILES\UI_MAINWINDOW.H
E:\PROJECT\HOMEWORK3\GENERATEDFILES\UI_SHOWDOCUMENT.H
E:\Project\homework3\Win32\Debug\cl.command.1.tlog
E:\Project\homework3\Win32\Debug\CL.read.1.tlog
E:\Project\homework3\Win32\Debug\CL.write.1.tlog
E:\PROJECT\HOMEWORK3\WIN32\DEBUG\CONTROLLER.OBJ
E:\Project\homework3\Win32\Debug\custombuild.command.1.tlog
E:\Project\homework3\Win32\Debug\custombuild.read.1.tlog
E:\Project\homework3\Win32\Debug\custombuild.write.1.tlog
E:\PROJECT\HOMEWORK3\WIN32\DEBUG\FILEOBJ.OBJ
E:\PROJECT\HOMEWORK3\WIN32\DEBUG\HASH.OBJ
E:\PROJECT\HOMEWORK3\WIN32\DEBUG\HOMEWORK.EXE.INTERMEDIATE.MANIFEST
E:\Project\homework3\Win32\Debug\homework.vcxprojResolveAssemblyReference.cache
E:\Project\homework3\Win32\Debug\homework.write.1.tlog
E:\Project\homework3\Win32\Debug\link.command.1.tlog
E:\Project\homework3\Win32\Debug\link.read.1.tlog
E:\Project\homework3\Win32\Debug\link.read.3.tlog
E:\Project\homework3\Win32\Debug\link.write.1.tlog
E:\PROJECT\HOMEWORK3\WIN32\DEBUG\MAIN.OBJ
E:\PROJECT\HOMEWORK3\WIN32\DEBUG\MAINWINDOW.OBJ
E:\PROJECT\HOMEWORK3\WIN32\DEBUG\MOC_MAINWINDOW.OBJ
E:\PROJECT\HOMEWORK3\WIN32\DEBUG\MOC_SHOWDOCUMENT.OBJ
E:\Project\homework3\Win32\Debug\mt.command.1.tlog
E:\Project\homework3\Win32\Debug\mt.read.1.tlog
E:\Project\homework3\Win32\Debug\mt.write.1.tlog
E:\PROJECT\HOMEWORK3\WIN32\DEBUG\RKR_GST_MATCH.OBJ
E:\PROJECT\HOMEWORK3\WIN32\DEBUG\SHOWDOCUMENT.OBJ
E:\PROJECT\HOMEWORK3\WIN32\DEBUG\STRINGCOMPARE.OBJ
E:\PROJECT\HOMEWORK3\WIN32\DEBUG\TOOLS.OBJ
E:\PROJECT\HOMEWORK3\WIN32\DEBUG\VC100.PDB
E:\PROJECT\HOMEWORK3\WIN32\DEBUG\XMLREADER.OBJ
