E:\PROJECT\ANSWERCARD-TAOKA\ANSWERCARD-TAOKA\DEBUG\ACSAVEDLG.OBJ
E:\PROJECT\ANSWERCARD-TAOKA\ANSWERCARD-TAOKA\DEBUG\ACUNZIP.OBJ
E:\PROJECT\ANSWERCARD-TAOKA\ANSWERCARD-TAOKA\DEBUG\ACZIP.OBJ
E:\PROJECT\ANSWERCARD-TAOKA\ANSWERCARD-TAOKA\DEBUG\ADDCOURSEDLG.OBJ
E:\PROJECT\ANSWERCARD-TAOKA\ANSWERCARD-TAOKA\DEBUG\ADDPAGEDLG.OBJ
E:\PROJECT\ANSWERCARD-TAOKA\ANSWERCARD-TAOKA\DEBUG\ADDPAPERDLG.OBJ
E:\PROJECT\ANSWERCARD-TAOKA\ANSWERCARD-TAOKA\DEBUG\ANCHORDLG.OBJ
E:\PROJECT\ANSWERCARD-TAOKA\ANSWERCARD-TAOKA\DEBUG\ANSWERCARD.OBJ
E:\PROJECT\ANSWERCARD-TAOKA\ANSWERCARD-TAOKA\DEBUG\ANSWERCARDDLG.OBJ
E:\PROJECT\ANSWERCARD-TAOKA\ANSWERCARD-TAOKA\DEBUG\ANSWERCARDPROCESSING.OBJ
E:\Project\AnswerCard-Taoka\AnswerCard-Taoka\Debug\AnswerCard-Taoka.exe.intermediate.manifest
E:\PROJECT\ANSWERCARD-TAOKA\ANSWERCARD-TAOKA\DEBUG\BARCODEDLG.OBJ
E:\PROJECT\ANSWERCARD-TAOKA\ANSWERCARD-TAOKA\DEBUG\CARDDOC.OBJ
E:\PROJECT\ANSWERCARD-TAOKA\ANSWERCARD-TAOKA\DEBUG\CARDSETDLG.OBJ
E:\PROJECT\ANSWERCARD-TAOKA\ANSWERCARD-TAOKA\DEBUG\CHINESECODE.OBJ
E:\Project\AnswerCard-Taoka\AnswerCard-Taoka\Debug\cl.command.1.tlog
E:\Project\AnswerCard-Taoka\AnswerCard-Taoka\Debug\CL.read.1.tlog
E:\Project\AnswerCard-Taoka\AnswerCard-Taoka\Debug\CL.write.1.tlog
E:\PROJECT\ANSWERCARD-TAOKA\ANSWERCARD-TAOKA\DEBUG\CLIPDLG.OBJ
E:\Project\AnswerCard-Taoka\AnswerCard-Taoka\Debug\custombuild.command.1.tlog
E:\Project\AnswerCard-Taoka\AnswerCard-Taoka\Debug\custombuild.read.1.tlog
E:\Project\AnswerCard-Taoka\AnswerCard-Taoka\Debug\custombuild.write.1.tlog
E:\PROJECT\ANSWERCARD-TAOKA\ANSWERCARD-TAOKA\DEBUG\DATAIO.OBJ
E:\PROJECT\ANSWERCARD-TAOKA\ANSWERCARD-TAOKA\DEBUG\DATATYPECONVERSION.OBJ
E:\PROJECT\ANSWERCARD-TAOKA\ANSWERCARD-TAOKA\DEBUG\FILLPOINTDLG.OBJ
E:\PROJECT\ANSWERCARD-TAOKA\ANSWERCARD-TAOKA\DEBUG\IDPOINTDLG.OBJ
E:\PROJECT\ANSWERCARD-TAOKA\ANSWERCARD-TAOKA\DEBUG\INPUTDPIDLG.OBJ
E:\PROJECT\ANSWERCARD-TAOKA\ANSWERCARD-TAOKA\DEBUG\ISFRONTDLG.OBJ
E:\PROJECT\ANSWERCARD-TAOKA\ANSWERCARD-TAOKA\DEBUG\LINEDETECTDLG.OBJ
E:\Project\AnswerCard-Taoka\AnswerCard-Taoka\Debug\link.command.1.tlog
E:\Project\AnswerCard-Taoka\AnswerCard-Taoka\Debug\link.read.1.tlog
E:\Project\AnswerCard-Taoka\AnswerCard-Taoka\Debug\link.write.1.tlog
E:\PROJECT\ANSWERCARD-TAOKA\ANSWERCARD-TAOKA\DEBUG\MAIN.OBJ
E:\PROJECT\ANSWERCARD-TAOKA\ANSWERCARD-TAOKA\DEBUG\MARKERDLG.OBJ
E:\PROJECT\ANSWERCARD-TAOKA\ANSWERCARD-TAOKA\DEBUG\MARKERSBOUNDARYTABLE.OBJ
E:\PROJECT\ANSWERCARD-TAOKA\ANSWERCARD-TAOKA\DEBUG\MOC_ACSAVEDLG.OBJ
E:\PROJECT\ANSWERCARD-TAOKA\ANSWERCARD-TAOKA\DEBUG\MOC_ADDCOURSEDLG.OBJ
E:\PROJECT\ANSWERCARD-TAOKA\ANSWERCARD-TAOKA\DEBUG\MOC_ADDPAGEDLG.OBJ
E:\PROJECT\ANSWERCARD-TAOKA\ANSWERCARD-TAOKA\DEBUG\MOC_ADDPAPERDLG.OBJ
E:\PROJECT\ANSWERCARD-TAOKA\ANSWERCARD-TAOKA\DEBUG\MOC_ANCHORDLG.OBJ
E:\PROJECT\ANSWERCARD-TAOKA\ANSWERCARD-TAOKA\DEBUG\MOC_ANSWERCARDDLG.OBJ
E:\PROJECT\ANSWERCARD-TAOKA\ANSWERCARD-TAOKA\DEBUG\MOC_BARCODEDLG.OBJ
E:\PROJECT\ANSWERCARD-TAOKA\ANSWERCARD-TAOKA\DEBUG\MOC_CARDSETDLG.OBJ
E:\PROJECT\ANSWERCARD-TAOKA\ANSWERCARD-TAOKA\DEBUG\MOC_CLIPDLG.OBJ
E:\PROJECT\ANSWERCARD-TAOKA\ANSWERCARD-TAOKA\DEBUG\MOC_FILLPOINTDLG.OBJ
E:\PROJECT\ANSWERCARD-TAOKA\ANSWERCARD-TAOKA\DEBUG\MOC_IDPOINTDLG.OBJ
E:\PROJECT\ANSWERCARD-TAOKA\ANSWERCARD-TAOKA\DEBUG\MOC_INPUTDPIDLG.OBJ
E:\PROJECT\ANSWERCARD-TAOKA\ANSWERCARD-TAOKA\DEBUG\MOC_ISFRONTDLG.OBJ
E:\PROJECT\ANSWERCARD-TAOKA\ANSWERCARD-TAOKA\DEBUG\MOC_LINEDETECTDLG.OBJ
E:\PROJECT\ANSWERCARD-TAOKA\ANSWERCARD-TAOKA\DEBUG\MOC_MARKERDLG.OBJ
E:\PROJECT\ANSWERCARD-TAOKA\ANSWERCARD-TAOKA\DEBUG\QRC_CARDSET.OBJ
E:\PROJECT\ANSWERCARD-TAOKA\ANSWERCARD-TAOKA\DEBUG\VC100.PDB
E:\PROJECT\ANSWERCARD-TAOKA\ANSWERCARD-TAOKA\GENERATEDFILES\DEBUG\MOC_ACSAVEDLG.CPP
E:\PROJECT\ANSWERCARD-TAOKA\ANSWERCARD-TAOKA\GENERATEDFILES\DEBUG\MOC_ADDCOURSEDLG.CPP
E:\PROJECT\ANSWERCARD-TAOKA\ANSWERCARD-TAOKA\GENERATEDFILES\DEBUG\MOC_ADDPAGEDLG.CPP
E:\PROJECT\ANSWERCARD-TAOKA\ANSWERCARD-TAOKA\GENERATEDFILES\DEBUG\MOC_ADDPAPERDLG.CPP
E:\PROJECT\ANSWERCARD-TAOKA\ANSWERCARD-TAOKA\GENERATEDFILES\DEBUG\MOC_ANCHORDLG.CPP
E:\PROJECT\ANSWERCARD-TAOKA\ANSWERCARD-TAOKA\GENERATEDFILES\DEBUG\MOC_ANSWERCARDDLG.CPP
E:\PROJECT\ANSWERCARD-TAOKA\ANSWERCARD-TAOKA\GENERATEDFILES\DEBUG\MOC_BARCODEDLG.CPP
E:\PROJECT\ANSWERCARD-TAOKA\ANSWERCARD-TAOKA\GENERATEDFILES\DEBUG\MOC_CARDSETDLG.CPP
E:\PROJECT\ANSWERCARD-TAOKA\ANSWERCARD-TAOKA\GENERATEDFILES\DEBUG\MOC_CLIPDLG.CPP
E:\PROJECT\ANSWERCARD-TAOKA\ANSWERCARD-TAOKA\GENERATEDFILES\DEBUG\MOC_FILLPOINTDLG.CPP
E:\PROJECT\ANSWERCARD-TAOKA\ANSWERCARD-TAOKA\GENERATEDFILES\DEBUG\MOC_IDPOINTDLG.CPP
E:\PROJECT\ANSWERCARD-TAOKA\ANSWERCARD-TAOKA\GENERATEDFILES\DEBUG\MOC_INPUTDPIDLG.CPP
E:\PROJECT\ANSWERCARD-TAOKA\ANSWERCARD-TAOKA\GENERATEDFILES\DEBUG\MOC_ISFRONTDLG.CPP
E:\PROJECT\ANSWERCARD-TAOKA\ANSWERCARD-TAOKA\GENERATEDFILES\DEBUG\MOC_LINEDETECTDLG.CPP
E:\PROJECT\ANSWERCARD-TAOKA\ANSWERCARD-TAOKA\GENERATEDFILES\DEBUG\MOC_MARKERDLG.CPP
E:\PROJECT\ANSWERCARD-TAOKA\ANSWERCARD-TAOKA\GENERATEDFILES\QRC_CARDSET.CPP
E:\PROJECT\ANSWERCARD-TAOKA\ANSWERCARD-TAOKA\GENERATEDFILES\UI_ACSAVEDLG.H
E:\PROJECT\ANSWERCARD-TAOKA\ANSWERCARD-TAOKA\GENERATEDFILES\UI_ADDCOURSEDLG.H
E:\PROJECT\ANSWERCARD-TAOKA\ANSWERCARD-TAOKA\GENERATEDFILES\UI_ADDPAGEDLG.H
E:\PROJECT\ANSWERCARD-TAOKA\ANSWERCARD-TAOKA\GENERATEDFILES\UI_ADDPAPERDLG.H
E:\PROJECT\ANSWERCARD-TAOKA\ANSWERCARD-TAOKA\GENERATEDFILES\UI_ANCHORDLG.H
E:\PROJECT\ANSWERCARD-TAOKA\ANSWERCARD-TAOKA\GENERATEDFILES\UI_ANSWERCARDDLG.H
E:\PROJECT\ANSWERCARD-TAOKA\ANSWERCARD-TAOKA\GENERATEDFILES\UI_BARCODEDLG.H
E:\PROJECT\ANSWERCARD-TAOKA\ANSWERCARD-TAOKA\GENERATEDFILES\UI_CARDSETDLG.H
E:\PROJECT\ANSWERCARD-TAOKA\ANSWERCARD-TAOKA\GENERATEDFILES\UI_CLIPDLG.H
E:\PROJECT\ANSWERCARD-TAOKA\ANSWERCARD-TAOKA\GENERATEDFILES\UI_FILLPOINTDLG.H
E:\PROJECT\ANSWERCARD-TAOKA\ANSWERCARD-TAOKA\GENERATEDFILES\UI_IDPOINTDLG.H
E:\PROJECT\ANSWERCARD-TAOKA\ANSWERCARD-TAOKA\GENERATEDFILES\UI_INPUTDPIDLG.H
E:\PROJECT\ANSWERCARD-TAOKA\ANSWERCARD-TAOKA\GENERATEDFILES\UI_ISFRONTDLG.H
E:\PROJECT\ANSWERCARD-TAOKA\ANSWERCARD-TAOKA\GENERATEDFILES\UI_LINEDETECTDLG.H
E:\PROJECT\ANSWERCARD-TAOKA\ANSWERCARD-TAOKA\GENERATEDFILES\UI_MARKERDLG.H
E:\Project\AnswerCard-Taoka\Win32\Debug\AnswerCard-Taoka.pdb
