生成启动时间为 2015/1/16 15:27:11。
     1>项目“E:\Project\TaokaDll\XmlIoDll\XmlIoDll.vcxproj”在节点 2 上(build 个目标)。
     1>InitializeBuildStatus:
         正在创建“Debug\XmlIoDll.unsuccessfulbuild”，因为已指定“AlwaysCreate”。
       ClCompile:
         所有输出均为最新。
         D:\Program Files (x86)\Microsoft Visual Studio 10.0\VC\bin\CL.exe /c /ZI /nologo /W3 /WX- /Od /Oy- /D WIN32 /D _DEBUG /D _WINDOWS /D _USRDLL /D XMLIODLL_EXPORTS /D _WINDLL /D _UNICODE /D UNICODE /Gm /EHsc /RTC1 /MDd /GS /fp:precise /Zc:wchar_t /Zc:forScope /Yu"StdAfx.h" /Fp"Debug\XmlIoDll.pch" /Fo"Debug\\" /Fd"Debug\vc100.pdb" /Gd /TP /analyze- /errorReport:prompt XmlIO.cpp
         XmlIO.cpp
     1>d:\program files\opencv\include\opencv\opencv2\flann\logger.h(66): warning C4996: 'fopen': This function or variable may be unsafe. Consider using fopen_s instead. To disable deprecation, use _CRT_SECURE_NO_WARNINGS. See online help for details.
                 d:\program files (x86)\microsoft visual studio 10.0\vc\include\stdio.h(234) : 参见“fopen”的声明
     1>e:\project\taokadll\xmliodll\xmlio.cpp(18): warning C4273: “XmlIo::Write”: dll 链接不一致
                 e:\project\taokadll\xmliodll\xmlio.h(25) : 参见“Write”的前一个定义
     1>e:\project\taokadll\xmliodll\xmlio.cpp(54): warning C4273: “XmlIo::Write”: dll 链接不一致
                 e:\project\taokadll\xmliodll\xmlio.h(26) : 参见“Write”的前一个定义
     1>e:\project\taokadll\xmliodll\xmlio.cpp(93): warning C4273: “XmlIo::Write”: dll 链接不一致
                 e:\project\taokadll\xmliodll\xmlio.h(23) : 参见“Write”的前一个定义
     1>e:\project\taokadll\xmliodll\xmlio.cpp(114): warning C4273: “XmlIo::Write”: dll 链接不一致
                 e:\project\taokadll\xmliodll\xmlio.h(24) : 参见“Write”的前一个定义
     1>e:\project\taokadll\xmliodll\xmlio.cpp(150): warning C4273: “XmlIo::WriteACInfo3”: dll 链接不一致
                 e:\project\taokadll\xmliodll\xmlio.h(30) : 参见“WriteACInfo3”的前一个定义
     1>e:\project\taokadll\xmliodll\xmlio.cpp(220): warning C4273: “XmlIo::WriteACInfo”: dll 链接不一致
                 e:\project\taokadll\xmliodll\xmlio.h(32) : 参见“WriteACInfo”的前一个定义
     1>e:\project\taokadll\xmliodll\xmlio.cpp(292): warning C4273: “XmlIo::WritePageMarkerInfo”: dll 链接不一致
                 e:\project\taokadll\xmliodll\xmlio.h(34) : 参见“WritePageMarkerInfo”的前一个定义
     1>e:\project\taokadll\xmliodll\xmlio.cpp(310): warning C4273: “XmlIo::WriteAnchorPointInfo”: dll 链接不一致
                 e:\project\taokadll\xmliodll\xmlio.h(36) : 参见“WriteAnchorPointInfo”的前一个定义
     1>e:\project\taokadll\xmliodll\xmlio.cpp(341): warning C4273: “XmlIo::WriteMarkerInfo”: dll 链接不一致
                 e:\project\taokadll\xmliodll\xmlio.h(38) : 参见“WriteMarkerInfo”的前一个定义
     1>e:\project\taokadll\xmliodll\xmlio.cpp(375): warning C4273: “XmlIo::WriteMarkerInfo3”: dll 链接不一致
                 e:\project\taokadll\xmliodll\xmlio.h(40) : 参见“WriteMarkerInfo3”的前一个定义
     1>e:\project\taokadll\xmliodll\xmlio.cpp(388): warning C4018: “<”: 有符号/无符号不匹配
     1>e:\project\taokadll\xmliodll\xmlio.cpp(394): warning C4018: “<”: 有符号/无符号不匹配
     1>e:\project\taokadll\xmliodll\xmlio.cpp(403): warning C4273: “XmlIo::WriteIdPointInfo”: dll 链接不一致
                 e:\project\taokadll\xmliodll\xmlio.h(42) : 参见“WriteIdPointInfo”的前一个定义
     1>e:\project\taokadll\xmliodll\xmlio.cpp(420): warning C4273: “XmlIo::WriteBarInfo”: dll 链接不一致
                 e:\project\taokadll\xmliodll\xmlio.h(44) : 参见“WriteBarInfo”的前一个定义
     1>e:\project\taokadll\xmliodll\xmlio.cpp(440): warning C4273: “XmlIo::WriteFillingPointsInfo”: dll 链接不一致
                 e:\project\taokadll\xmliodll\xmlio.h(46) : 参见“WriteFillingPointsInfo”的前一个定义
     1>e:\project\taokadll\xmliodll\xmlio.cpp(463): warning C4273: “XmlIo::WriteFillingPointsInfo3”: dll 链接不一致
                 e:\project\taokadll\xmliodll\xmlio.h(48) : 参见“WriteFillingPointsInfo3”的前一个定义
     1>e:\project\taokadll\xmliodll\xmlio.cpp(493): warning C4273: “XmlIo::WriteItemPosInfo”: dll 链接不一致
                 e:\project\taokadll\xmliodll\xmlio.h(50) : 参见“WriteItemPosInfo”的前一个定义
     1>e:\project\taokadll\xmliodll\xmlio.cpp(516): warning C4273: “XmlIo::WriteFillingpointItemPos”: dll 链接不一致
                 e:\project\taokadll\xmliodll\xmlio.h(52) : 参见“WriteFillingpointItemPos”的前一个定义
     1>e:\project\taokadll\xmliodll\xmlio.cpp(526): warning C4018: “<”: 有符号/无符号不匹配
     1>e:\project\taokadll\xmliodll\xmlio.cpp(534): warning C4273: “XmlIo::WriteFillingPointBackgroundInfo”: dll 链接不一致
                 e:\project\taokadll\xmliodll\xmlio.h(54) : 参见“WriteFillingPointBackgroundInfo”的前一个定义
     1>e:\project\taokadll\xmliodll\xmlio.cpp(558): warning C4273: “XmlIo::WriteQuestionInfo”: dll 链接不一致
                 e:\project\taokadll\xmliodll\xmlio.h(56) : 参见“WriteQuestionInfo”的前一个定义
     1>e:\project\taokadll\xmliodll\xmlio.cpp(571): warning C4273: “XmlIo::WriteQuestionBackgroundInfo”: dll 链接不一致
                 e:\project\taokadll\xmliodll\xmlio.h(58) : 参见“WriteQuestionBackgroundInfo”的前一个定义
     1>e:\project\taokadll\xmliodll\xmlio.cpp(596): warning C4273: “XmlIo::WriteCropAreaInfo”: dll 链接不一致
                 e:\project\taokadll\xmliodll\xmlio.h(60) : 参见“WriteCropAreaInfo”的前一个定义
     1>e:\project\taokadll\xmliodll\xmlio.cpp(624): warning C4273: “XmlIo::WriteBlackWhiteLine”: dll 链接不一致
                 e:\project\taokadll\xmliodll\xmlio.h(62) : 参见“WriteBlackWhiteLine”的前一个定义
     1>e:\project\taokadll\xmliodll\xmlio.cpp(634): warning C4273: “XmlIo::WriteRefPoint”: dll 链接不一致
                 e:\project\taokadll\xmliodll\xmlio.h(64) : 参见“WriteRefPoint”的前一个定义
     1>e:\project\taokadll\xmliodll\xmlio.cpp(647): warning C4273: “XmlIo::WriteMarker”: dll 链接不一致
                 e:\project\taokadll\xmliodll\xmlio.h(66) : 参见“WriteMarker”的前一个定义
     1>e:\project\taokadll\xmliodll\xmlio.cpp(648): warning C4018: “<”: 有符号/无符号不匹配
     1>e:\project\taokadll\xmliodll\xmlio.cpp(668): warning C4273: “XmlIo::Read”: dll 链接不一致
                 e:\project\taokadll\xmliodll\xmlio.h(20) : 参见“Read”的前一个定义
     1>e:\project\taokadll\xmliodll\xmlio.cpp(732): warning C4273: “XmlIo::Read”: dll 链接不一致
                 e:\project\taokadll\xmliodll\xmlio.h(21) : 参见“Read”的前一个定义
     1>e:\project\taokadll\xmliodll\xmlio.cpp(795): warning C4273: “XmlIo::GetACType”: dll 链接不一致
                 e:\project\taokadll\xmliodll\xmlio.h(22) : 参见“GetACType”的前一个定义
     1>e:\project\taokadll\xmliodll\xmlio.cpp(830): warning C4273: “XmlIo::Read”: dll 链接不一致
                 e:\project\taokadll\xmliodll\xmlio.h(18) : 参见“Read”的前一个定义
     1>e:\project\taokadll\xmliodll\xmlio.cpp(853): warning C4273: “XmlIo::Read”: dll 链接不一致
                 e:\project\taokadll\xmliodll\xmlio.h(19) : 参见“Read”的前一个定义
     1>e:\project\taokadll\xmliodll\xmlio.cpp(880): warning C4273: “XmlIo::ReadACInfo3”: dll 链接不一致
                 e:\project\taokadll\xmliodll\xmlio.h(71) : 参见“ReadACInfo3”的前一个定义
     1>e:\project\taokadll\xmliodll\xmlio.cpp(1053): warning C4273: “XmlIo::ReadACInfo”: dll 链接不一致
                 e:\project\taokadll\xmliodll\xmlio.h(69) : 参见“ReadACInfo”的前一个定义
     1>e:\project\taokadll\xmliodll\xmlio.cpp(1219): warning C4273: “XmlIo::ReadAnchorPointInfo”: dll 链接不一致
                 e:\project\taokadll\xmliodll\xmlio.h(73) : 参见“ReadAnchorPointInfo”的前一个定义
     1>e:\project\taokadll\xmliodll\xmlio.cpp(1252): warning C4273: “XmlIo::ReadPageMakerInfo”: dll 链接不一致
                 e:\project\taokadll\xmliodll\xmlio.h(75) : 参见“ReadPageMakerInfo”的前一个定义
     1>e:\project\taokadll\xmliodll\xmlio.cpp(1270): warning C4273: “XmlIo::ReadMarkerInfo”: dll 链接不一致
                 e:\project\taokadll\xmliodll\xmlio.h(77) : 参见“ReadMarkerInfo”的前一个定义
     1>e:\project\taokadll\xmliodll\xmlio.cpp(1319): warning C4273: “XmlIo::ReadMarkerGroupInfo”: dll 链接不一致
                 e:\project\taokadll\xmliodll\xmlio.h(78) : 参见“ReadMarkerGroupInfo”的前一个定义
     1>e:\project\taokadll\xmliodll\xmlio.cpp(1363): warning C4273: “XmlIo::ReadIdPointInfo”: dll 链接不一致
                 e:\project\taokadll\xmliodll\xmlio.h(80) : 参见“ReadIdPointInfo”的前一个定义
     1>e:\project\taokadll\xmliodll\xmlio.cpp(1381): warning C4273: “XmlIo::ReadBarInfo”: dll 链接不一致
                 e:\project\taokadll\xmliodll\xmlio.h(82) : 参见“ReadBarInfo”的前一个定义
     1>e:\project\taokadll\xmliodll\xmlio.cpp(1410): warning C4273: “XmlIo::ReadFillingPointsInfo”: dll 链接不一致
                 e:\project\taokadll\xmliodll\xmlio.h(84) : 参见“ReadFillingPointsInfo”的前一个定义
     1>e:\project\taokadll\xmliodll\xmlio.cpp(1451): warning C4273: “XmlIo::ReadFillingPointsInfo”: dll 链接不一致
                 e:\project\taokadll\xmliodll\xmlio.h(85) : 参见“ReadFillingPointsInfo”的前一个定义
     1>e:\project\taokadll\xmliodll\xmlio.cpp(1507): warning C4273: “XmlIo::ReadItemPos”: dll 链接不一致
                 e:\project\taokadll\xmliodll\xmlio.h(105) : 参见“ReadItemPos”的前一个定义
     1>e:\project\taokadll\xmliodll\xmlio.cpp(1566): warning C4273: “XmlIo::ReadFillingpointItemPos”: dll 链接不一致
                 e:\project\taokadll\xmliodll\xmlio.h(88) : 参见“ReadFillingpointItemPos”的前一个定义
     1>e:\project\taokadll\xmliodll\xmlio.cpp(1598): warning C4273: “XmlIo::ReadFillingPointBackgroundInfo”: dll 链接不一致
                 e:\project\taokadll\xmliodll\xmlio.h(90) : 参见“ReadFillingPointBackgroundInfo”的前一个定义
     1>e:\project\taokadll\xmliodll\xmlio.cpp(1628): warning C4273: “XmlIo::ReadQuestionInfo”: dll 链接不一致
                 e:\project\taokadll\xmliodll\xmlio.h(92) : 参见“ReadQuestionInfo”的前一个定义
     1>e:\project\taokadll\xmliodll\xmlio.cpp(1646): warning C4273: “XmlIo::ReadQuestionBackgroundInfo”: dll 链接不一致
                 e:\project\taokadll\xmliodll\xmlio.h(94) : 参见“ReadQuestionBackgroundInfo”的前一个定义
     1>e:\project\taokadll\xmliodll\xmlio.cpp(1676): warning C4273: “XmlIo::ReadCropAreaInfo”: dll 链接不一致
                 e:\project\taokadll\xmliodll\xmlio.h(96) : 参见“ReadCropAreaInfo”的前一个定义
     1>e:\project\taokadll\xmliodll\xmlio.cpp(1719): warning C4273: “XmlIo::ReadRefPoint”: dll 链接不一致
                 e:\project\taokadll\xmliodll\xmlio.h(107) : 参见“ReadRefPoint”的前一个定义
     1>e:\project\taokadll\xmliodll\xmlio.cpp(1732): warning C4273: “XmlIo::ReadMarker”: dll 链接不一致
                 e:\project\taokadll\xmliodll\xmlio.h(109) : 参见“ReadMarker”的前一个定义
     1>e:\project\taokadll\xmliodll\xmlio.cpp(1760): warning C4273: “XmlIo::GetNextElement”: dll 链接不一致
                 e:\project\taokadll\xmliodll\xmlio.h(103) : 参见“GetNextElement”的前一个定义
     1>e:\project\taokadll\xmliodll\xmlio.cpp(1266): warning C4715: “XmlIo::ReadPageMakerInfo”: 不是所有的控件路径都返回值
         所有输出均为最新。
       Link:
         D:\Program Files (x86)\Microsoft Visual Studio 10.0\VC\bin\link.exe /ERRORREPORT:PROMPT /OUT:"E:\Project\TaokaDll\Debug\XmlIoDll.dll" /INCREMENTAL /NOLOGO iconv.lib charset.lib libxml2.lib libxml2_a.lib libxml2_a_dll.lib "libzbar-0.lib" opencv_calib3d246d.lib opencv_contrib246d.lib opencv_core246d.lib opencv_features2d246d.lib opencv_flann246d.lib opencv_gpu246d.lib opencv_highgui246d.lib opencv_imgproc246d.lib opencv_legacy246d.lib opencv_ml246d.lib opencv_objdetect246d.lib opencv_ts246d.lib opencv_video246d.lib zdll.lib zlib.lib kernel32.lib user32.lib gdi32.lib winspool.lib comdlg32.lib advapi32.lib shell32.lib ole32.lib oleaut32.lib uuid.lib odbc32.lib odbccp32.lib /MANIFEST /ManifestFile:"Debug\XmlIoDll.dll.intermediate.manifest" /MANIFESTUAC:"level='asInvoker' uiAccess='false'" /DEBUG /PDB:"E:\Project\TaokaDll\Debug\XmlIoDll.pdb" /SUBSYSTEM:WINDOWS /TLBID:1 /DYNAMICBASE /NXCOMPAT /IMPLIB:"E:\Project\TaokaDll\Debug\XmlIoDll.lib" /MACHINE:X86 /DLL Debug\ChineseCode.obj
         Debug\DataTypeConversion.obj
         Debug\dllmain.obj
         Debug\stdafx.obj
         Debug\XmlIO.obj
         Debug\XmlIoDll.obj
         XmlIoDll.vcxproj -> E:\Project\TaokaDll\Debug\XmlIoDll.dll
       Manifest:
         C:\Program Files (x86)\Microsoft SDKs\Windows\v7.0A\bin\mt.exe /nologo /verbose /out:"E:\Project\TaokaDll\Debug\XmlIoDll.dll.manifest" /manifest Debug\XmlIoDll.dll.intermediate.manifest
       FinalizeBuildStatus:
         正在删除文件“Debug\XmlIoDll.unsuccessfulbuild”。
         正在对“Debug\XmlIoDll.lastbuildstate”执行 Touch 任务。
     1>已完成生成项目“E:\Project\TaokaDll\XmlIoDll\XmlIoDll.vcxproj”(build 个目标)的操作。

生成成功。

已用时间 00:00:15.14
