E:\PROJECT\TAOKADLL\DEBUG\XMLIODLL.DLL
E:\PROJECT\TAOKADLL\DEBUG\XMLIODLL.DLL.MANIFEST
E:\Project\TaokaDll\Debug\XmlIoDll.exp
E:\PROJECT\TAOKADLL\DEBUG\XMLIODLL.ILK
E:\Project\TaokaDll\Debug\XmlIoDll.lib
E:\PROJECT\TAOKADLL\DEBUG\XMLIODLL.PDB
E:\PROJECT\TAOKADLL\XMLIODLL\DEBUG\CHINESECODE.OBJ
E:\Project\TaokaDll\XmlIoDll\Debug\cl.command.1.tlog
E:\Project\TaokaDll\XmlIoDll\Debug\CL.read.1.tlog
E:\Project\TaokaDll\XmlIoDll\Debug\CL.write.1.tlog
E:\PROJECT\TAOKADLL\XMLIODLL\DEBUG\DATATYPECONVERSION.OBJ
E:\PROJECT\TAOKADLL\XMLIODLL\DEBUG\DLLMAIN.OBJ
E:\Project\TaokaDll\XmlIoDll\Debug\link.command.1.tlog
E:\Project\TaokaDll\XmlIoDll\Debug\link.read.1.tlog
E:\Project\TaokaDll\XmlIoDll\Debug\link.write.1.tlog
E:\Project\TaokaDll\XmlIoDll\Debug\mt.command.1.tlog
E:\Project\TaokaDll\XmlIoDll\Debug\mt.read.1.tlog
E:\Project\TaokaDll\XmlIoDll\Debug\mt.write.1.tlog
E:\PROJECT\TAOKADLL\XMLIODLL\DEBUG\STDAFX.OBJ
E:\Project\TaokaDll\XmlIoDll\Debug\vc100.idb
E:\PROJECT\TAOKADLL\XMLIODLL\DEBUG\VC100.PDB
E:\PROJECT\TAOKADLL\XMLIODLL\DEBUG\XMLIO.OBJ
E:\PROJECT\TAOKADLL\XMLIODLL\DEBUG\XMLIODLL.DLL.INTERMEDIATE.MANIFEST
E:\PROJECT\TAOKADLL\XMLIODLL\DEBUG\XMLIODLL.OBJ
E:\PROJECT\TAOKADLL\XMLIODLL\DEBUG\XMLIODLL.PCH
E:\Project\TaokaDll\XmlIoDll\Debug\XmlIoDll.write.1.tlog
