G:\PROJECTS\TAOKADLL\RELEASE\TAOKA.DLL
G:\Projects\TaokaDll\Release\Taoka.exp
G:\Projects\TaokaDll\Release\Taoka.lib
G:\PROJECTS\TAOKADLL\RELEASE\TAOKA.PDB
G:\PROJECTS\TAOKADLL\TAOKA\RELEASE\ANSWERCARDPROCESSING.OBJ
G:\Projects\TaokaDll\Taoka\Release\cl.command.1.tlog
G:\Projects\TaokaDll\Taoka\Release\CL.read.1.tlog
G:\Projects\TaokaDll\Taoka\Release\CL.write.1.tlog
G:\PROJECTS\TAOKADLL\TAOKA\RELEASE\CROPAREAS.OBJ
G:\PROJECTS\TAOKADLL\TAOKA\RELEASE\DETECTANCHORPOINT.OBJ
G:\PROJECTS\TAOKADLL\TAOKA\RELEASE\DETECTANSWER.OBJ
G:\PROJECTS\TAOKADLL\TAOKA\RELEASE\DETECTBAR.OBJ
G:\PROJECTS\TAOKADLL\TAOKA\RELEASE\DETECTFILLINGPOINT.OBJ
G:\PROJECTS\TAOKADLL\TAOKA\RELEASE\DETECTMARKERS.OBJ
G:\PROJECTS\TAOKADLL\TAOKA\RELEASE\DETECTPERAC.OBJ
G:\PROJECTS\TAOKADLL\TAOKA\RELEASE\DETECTREFPOINT.OBJ
G:\PROJECTS\TAOKADLL\TAOKA\RELEASE\DLLMAIN.OBJ
G:\Projects\TaokaDll\Taoka\Release\link.command.1.tlog
G:\Projects\TaokaDll\Taoka\Release\link.read.1.tlog
G:\Projects\TaokaDll\Taoka\Release\link.write.1.tlog
G:\PROJECTS\TAOKADLL\TAOKA\RELEASE\MARKAC.OBJ
G:\PROJECTS\TAOKADLL\TAOKA\RELEASE\MARKERSBOUNDARYTABLE.OBJ
G:\Projects\TaokaDll\Taoka\Release\mt.command.1.tlog
G:\Projects\TaokaDll\Taoka\Release\mt.read.1.tlog
G:\Projects\TaokaDll\Taoka\Release\mt.write.1.tlog
G:\PROJECTS\TAOKADLL\TAOKA\RELEASE\STDAFX.OBJ
G:\PROJECTS\TAOKADLL\TAOKA\RELEASE\TAOKA.DLL.INTERMEDIATE.MANIFEST
G:\PROJECTS\TAOKADLL\TAOKA\RELEASE\TAOKA.OBJ
G:\Projects\TaokaDll\Taoka\Release\Taoka.vcxprojResolveAssemblyReference.cache
G:\Projects\TaokaDll\Taoka\Release\Taoka.write.1.tlog
G:\PROJECTS\TAOKADLL\TAOKA\RELEASE\TRANSTRUCT.OBJ
G:\PROJECTS\TAOKADLL\TAOKA\RELEASE\VC100.PDB
