G:\PROJECTS\TAOKADLL\RELEASE\XMLIO.DLL
G:\Projects\TaokaDll\Release\XmlIO.exp
G:\Projects\TaokaDll\Release\XmlIO.lib
G:\PROJECTS\TAOKADLL\RELEASE\XMLIO.PDB
G:\Projects\TaokaDll\XmlIO\Release\cl.command.1.tlog
G:\Projects\TaokaDll\XmlIO\Release\CL.read.1.tlog
G:\Projects\TaokaDll\XmlIO\Release\CL.write.1.tlog
G:\PROJECTS\TAOKADLL\XMLIO\RELEASE\DLLMAIN.OBJ
G:\Projects\TaokaDll\XmlIO\Release\link.command.1.tlog
G:\Projects\TaokaDll\XmlIO\Release\link.read.1.tlog
G:\Projects\TaokaDll\XmlIO\Release\link.write.1.tlog
G:\Projects\TaokaDll\XmlIO\Release\mt.command.1.tlog
G:\Projects\TaokaDll\XmlIO\Release\mt.read.1.tlog
G:\Projects\TaokaDll\XmlIO\Release\mt.write.1.tlog
G:\PROJECTS\TAOKADLL\XMLIO\RELEASE\STDAFX.OBJ
G:\PROJECTS\TAOKADLL\XMLIO\RELEASE\VC100.PDB
G:\PROJECTS\TAOKADLL\XMLIO\RELEASE\XMLIO.DLL.INTERMEDIATE.MANIFEST
G:\PROJECTS\TAOKADLL\XMLIO\RELEASE\XMLIO.OBJ
G:\PROJECTS\TAOKADLL\XMLIO\RELEASE\XMLIO.PCH
G:\Projects\TaokaDll\XmlIO\Release\XmlIO.write.1.tlog
