I:\答题卡项目\卡格式软件\ANSWERCARD-TYPE3-V1.0\ANSWERCARD\DEBUG\AC3.EXE.INTERMEDIATE.MANIFEST
I:\答题卡项目\卡格式软件\ANSWERCARD-TYPE3-V1.0\ANSWERCARD\DEBUG\ACSAVEDLG.OBJ
I:\答题卡项目\卡格式软件\ANSWERCARD-TYPE3-V1.0\ANSWERCARD\DEBUG\ACUNZIP.OBJ
I:\答题卡项目\卡格式软件\ANSWERCARD-TYPE3-V1.0\ANSWERCARD\DEBUG\ACZIP.OBJ
I:\答题卡项目\卡格式软件\ANSWERCARD-TYPE3-V1.0\ANSWERCARD\DEBUG\ADDPAGEDLG.OBJ
I:\答题卡项目\卡格式软件\ANSWERCARD-TYPE3-V1.0\ANSWERCARD\DEBUG\ANCHORDLG.OBJ
I:\答题卡项目\卡格式软件\ANSWERCARD-TYPE3-V1.0\ANSWERCARD\DEBUG\ANCHORRECTDLG.OBJ
I:\答题卡项目\卡格式软件\AnswerCard-type3-V1.0\AnswerCard\Debug\AnswerCard.exe.intermediate.manifest
I:\答题卡项目\卡格式软件\ANSWERCARD-TYPE3-V1.0\ANSWERCARD\DEBUG\ANSWERCARD.OBJ
I:\答题卡项目\卡格式软件\AnswerCard-type3-V1.0\AnswerCard\Debug\AnswerCard.vcxprojResolveAssemblyReference.cache
I:\答题卡项目\卡格式软件\AnswerCard-type3-V1.0\AnswerCard\Debug\AnswerCard.write.1.tlog
I:\答题卡项目\卡格式软件\AnswerCard-type3-V1.0\AnswerCard\Debug\AnswerCardDlg.obj
I:\答题卡项目\卡格式软件\ANSWERCARD-TYPE3-V1.0\ANSWERCARD\DEBUG\ANSWERCARDDLG3.OBJ
I:\答题卡项目\卡格式软件\ANSWERCARD-TYPE3-V1.0\ANSWERCARD\DEBUG\ANSWERCARDPROCESSING.OBJ
I:\答题卡项目\卡格式软件\ANSWERCARD-TYPE3-V1.0\ANSWERCARD\DEBUG\BARCODEDLG.OBJ
I:\答题卡项目\卡格式软件\AnswerCard-type3-V1.0\AnswerCard\Debug\BlackLineDetectDlg.obj
I:\答题卡项目\卡格式软件\ANSWERCARD-TYPE3-V1.0\ANSWERCARD\DEBUG\CARDSETDLG.OBJ
I:\答题卡项目\卡格式软件\ANSWERCARD-TYPE3-V1.0\ANSWERCARD\DEBUG\CHINESECODE.OBJ
I:\答题卡项目\卡格式软件\AnswerCard-type3-V1.0\AnswerCard\Debug\cl.command.1.tlog
I:\答题卡项目\卡格式软件\AnswerCard-type3-V1.0\AnswerCard\Debug\CL.read.1.tlog
I:\答题卡项目\卡格式软件\AnswerCard-type3-V1.0\AnswerCard\Debug\CL.write.1.tlog
I:\答题卡项目\卡格式软件\ANSWERCARD-TYPE3-V1.0\ANSWERCARD\DEBUG\CLEARDLG.OBJ
I:\答题卡项目\卡格式软件\ANSWERCARD-TYPE3-V1.0\ANSWERCARD\DEBUG\CLIPDLG.OBJ
I:\答题卡项目\卡格式软件\ANSWERCARD-TYPE3-V1.0\ANSWERCARD\DEBUG\CREATECARDDLG.OBJ
I:\答题卡项目\卡格式软件\AnswerCard-type3-V1.0\AnswerCard\Debug\custombuild.command.1.tlog
I:\答题卡项目\卡格式软件\AnswerCard-type3-V1.0\AnswerCard\Debug\custombuild.read.1.tlog
I:\答题卡项目\卡格式软件\AnswerCard-type3-V1.0\AnswerCard\Debug\custombuild.write.1.tlog
I:\答题卡项目\卡格式软件\AnswerCard-type3-V1.0\AnswerCard\Debug\CustomizeFillPointDlg.obj
I:\答题卡项目\卡格式软件\ANSWERCARD-TYPE3-V1.0\ANSWERCARD\DEBUG\DATAIO.OBJ
I:\答题卡项目\卡格式软件\ANSWERCARD-TYPE3-V1.0\ANSWERCARD\DEBUG\DATATYPECONVERSION.OBJ
I:\答题卡项目\卡格式软件\ANSWERCARD-TYPE3-V1.0\ANSWERCARD\DEBUG\FILLPOINTDLG.OBJ
I:\答题卡项目\卡格式软件\AnswerCard-type3-V1.0\AnswerCard\Debug\FillPointPlusDlg.obj
I:\答题卡项目\卡格式软件\ANSWERCARD-TYPE3-V1.0\ANSWERCARD\DEBUG\INPUTNUMBERDLG.OBJ
I:\答题卡项目\卡格式软件\ANSWERCARD-TYPE3-V1.0\ANSWERCARD\DEBUG\ISFRONTDLG.OBJ
I:\答题卡项目\卡格式软件\ANSWERCARD-TYPE3-V1.0\ANSWERCARD\DEBUG\LINEDETECTDLG.OBJ
I:\答题卡项目\卡格式软件\AnswerCard-type3-V1.0\AnswerCard\Debug\link.command.1.tlog
I:\答题卡项目\卡格式软件\AnswerCard-type3-V1.0\AnswerCard\Debug\link.read.1.tlog
I:\答题卡项目\卡格式软件\AnswerCard-type3-V1.0\AnswerCard\Debug\link.write.1.tlog
I:\答题卡项目\卡格式软件\ANSWERCARD-TYPE3-V1.0\ANSWERCARD\DEBUG\MAIN.OBJ
I:\答题卡项目\卡格式软件\AnswerCard-type3-V1.0\AnswerCard\Debug\MarkerDlg.obj
I:\答题卡项目\卡格式软件\ANSWERCARD-TYPE3-V1.0\ANSWERCARD\DEBUG\MARKERMAKEDLG.OBJ
I:\答题卡项目\卡格式软件\ANSWERCARD-TYPE3-V1.0\ANSWERCARD\DEBUG\MARKERSBOUNDARYTABLE.OBJ
I:\答题卡项目\卡格式软件\ANSWERCARD-TYPE3-V1.0\ANSWERCARD\DEBUG\MOC_ACSAVEDLG.OBJ
I:\答题卡项目\卡格式软件\ANSWERCARD-TYPE3-V1.0\ANSWERCARD\DEBUG\MOC_ADDPAGEDLG.OBJ
I:\答题卡项目\卡格式软件\ANSWERCARD-TYPE3-V1.0\ANSWERCARD\DEBUG\MOC_ANCHORDLG.OBJ
I:\答题卡项目\卡格式软件\ANSWERCARD-TYPE3-V1.0\ANSWERCARD\DEBUG\MOC_ANCHORRECTDLG.OBJ
I:\答题卡项目\卡格式软件\AnswerCard-type3-V1.0\AnswerCard\Debug\moc_AnswerCardDlg.obj
I:\答题卡项目\卡格式软件\ANSWERCARD-TYPE3-V1.0\ANSWERCARD\DEBUG\MOC_ANSWERCARDDLG3.OBJ
I:\答题卡项目\卡格式软件\ANSWERCARD-TYPE3-V1.0\ANSWERCARD\DEBUG\MOC_BARCODEDLG.OBJ
I:\答题卡项目\卡格式软件\AnswerCard-type3-V1.0\AnswerCard\Debug\moc_BlackLineDetectDlg.obj
I:\答题卡项目\卡格式软件\ANSWERCARD-TYPE3-V1.0\ANSWERCARD\DEBUG\MOC_CARDSETDLG.OBJ
I:\答题卡项目\卡格式软件\ANSWERCARD-TYPE3-V1.0\ANSWERCARD\DEBUG\MOC_CLEARDLG.OBJ
I:\答题卡项目\卡格式软件\ANSWERCARD-TYPE3-V1.0\ANSWERCARD\DEBUG\MOC_CLIPDLG.OBJ
I:\答题卡项目\卡格式软件\ANSWERCARD-TYPE3-V1.0\ANSWERCARD\DEBUG\MOC_CREATECARDDLG.OBJ
I:\答题卡项目\卡格式软件\AnswerCard-type3-V1.0\AnswerCard\Debug\moc_CustomizeFillPointDlg.obj
I:\答题卡项目\卡格式软件\ANSWERCARD-TYPE3-V1.0\ANSWERCARD\DEBUG\MOC_FILLPOINTDLG.OBJ
I:\答题卡项目\卡格式软件\AnswerCard-type3-V1.0\AnswerCard\Debug\moc_FillPointPlusDlg.obj
I:\答题卡项目\卡格式软件\ANSWERCARD-TYPE3-V1.0\ANSWERCARD\DEBUG\MOC_INPUTNUMBERDLG.OBJ
I:\答题卡项目\卡格式软件\ANSWERCARD-TYPE3-V1.0\ANSWERCARD\DEBUG\MOC_ISFRONTDLG.OBJ
I:\答题卡项目\卡格式软件\ANSWERCARD-TYPE3-V1.0\ANSWERCARD\DEBUG\MOC_LINEDETECTDLG.OBJ
I:\答题卡项目\卡格式软件\AnswerCard-type3-V1.0\AnswerCard\Debug\moc_MarkerDlg.obj
I:\答题卡项目\卡格式软件\ANSWERCARD-TYPE3-V1.0\ANSWERCARD\DEBUG\MOC_MARKERMAKEDLG.OBJ
I:\答题卡项目\卡格式软件\ANSWERCARD-TYPE3-V1.0\ANSWERCARD\DEBUG\MOC_PAGEPOINTDLG.OBJ
I:\答题卡项目\卡格式软件\AnswerCard-type3-V1.0\AnswerCard\Debug\moc_QuestionDlg.obj
I:\答题卡项目\卡格式软件\AnswerCard-type3-V1.0\AnswerCard\Debug\moc_WhiteDetectLineDlg.obj
I:\答题卡项目\卡格式软件\AnswerCard-type3-V1.0\AnswerCard\Debug\mt.command.1.tlog
I:\答题卡项目\卡格式软件\AnswerCard-type3-V1.0\AnswerCard\Debug\mt.read.1.tlog
I:\答题卡项目\卡格式软件\AnswerCard-type3-V1.0\AnswerCard\Debug\mt.write.1.tlog
I:\答题卡项目\卡格式软件\ANSWERCARD-TYPE3-V1.0\ANSWERCARD\DEBUG\PAGEPOINTDLG.OBJ
I:\答题卡项目\卡格式软件\ANSWERCARD-TYPE3-V1.0\ANSWERCARD\DEBUG\QRC_ANSWERCARDDLG.OBJ
I:\答题卡项目\卡格式软件\AnswerCard-type3-V1.0\AnswerCard\Debug\QuestionDlg.obj
I:\答题卡项目\卡格式软件\ANSWERCARD-TYPE3-V1.0\ANSWERCARD\DEBUG\VC100.PDB
I:\答题卡项目\卡格式软件\AnswerCard-type3-V1.0\AnswerCard\Debug\WhiteDetectLineDlg.obj
I:\答题卡项目\卡格式软件\AnswerCard-type3-V1.0\AnswerCard\Debug\XmlIO.obj
I:\答题卡项目\卡格式软件\ANSWERCARD-TYPE3-V1.0\ANSWERCARD\GENERATEDFILES\DEBUG\MOC_ACSAVEDLG.CPP
I:\答题卡项目\卡格式软件\ANSWERCARD-TYPE3-V1.0\ANSWERCARD\GENERATEDFILES\DEBUG\MOC_ADDPAGEDLG.CPP
I:\答题卡项目\卡格式软件\ANSWERCARD-TYPE3-V1.0\ANSWERCARD\GENERATEDFILES\DEBUG\MOC_ANCHORDLG.CPP
I:\答题卡项目\卡格式软件\ANSWERCARD-TYPE3-V1.0\ANSWERCARD\GENERATEDFILES\DEBUG\MOC_ANCHORRECTDLG.CPP
I:\答题卡项目\卡格式软件\ANSWERCARD-TYPE3-V1.0\ANSWERCARD\GENERATEDFILES\DEBUG\MOC_ANSWERCARDDLG3.CPP
I:\答题卡项目\卡格式软件\ANSWERCARD-TYPE3-V1.0\ANSWERCARD\GENERATEDFILES\DEBUG\MOC_BARCODEDLG.CPP
I:\答题卡项目\卡格式软件\ANSWERCARD-TYPE3-V1.0\ANSWERCARD\GENERATEDFILES\DEBUG\MOC_CARDSETDLG.CPP
I:\答题卡项目\卡格式软件\ANSWERCARD-TYPE3-V1.0\ANSWERCARD\GENERATEDFILES\DEBUG\MOC_CLEARDLG.CPP
I:\答题卡项目\卡格式软件\ANSWERCARD-TYPE3-V1.0\ANSWERCARD\GENERATEDFILES\DEBUG\MOC_CLIPDLG.CPP
I:\答题卡项目\卡格式软件\ANSWERCARD-TYPE3-V1.0\ANSWERCARD\GENERATEDFILES\DEBUG\MOC_CREATECARDDLG.CPP
I:\答题卡项目\卡格式软件\ANSWERCARD-TYPE3-V1.0\ANSWERCARD\GENERATEDFILES\DEBUG\MOC_FILLPOINTDLG.CPP
I:\答题卡项目\卡格式软件\ANSWERCARD-TYPE3-V1.0\ANSWERCARD\GENERATEDFILES\DEBUG\MOC_INPUTNUMBERDLG.CPP
I:\答题卡项目\卡格式软件\ANSWERCARD-TYPE3-V1.0\ANSWERCARD\GENERATEDFILES\DEBUG\MOC_ISFRONTDLG.CPP
I:\答题卡项目\卡格式软件\ANSWERCARD-TYPE3-V1.0\ANSWERCARD\GENERATEDFILES\DEBUG\MOC_LINEDETECTDLG.CPP
I:\答题卡项目\卡格式软件\ANSWERCARD-TYPE3-V1.0\ANSWERCARD\GENERATEDFILES\DEBUG\MOC_MARKERMAKEDLG.CPP
I:\答题卡项目\卡格式软件\ANSWERCARD-TYPE3-V1.0\ANSWERCARD\GENERATEDFILES\DEBUG\MOC_PAGEPOINTDLG.CPP
I:\答题卡项目\卡格式软件\ANSWERCARD-TYPE3-V1.0\ANSWERCARD\GENERATEDFILES\QRC_ANSWERCARDDLG.CPP
I:\答题卡项目\卡格式软件\ANSWERCARD-TYPE3-V1.0\ANSWERCARD\GENERATEDFILES\UI_ACSAVEDLG.H
I:\答题卡项目\卡格式软件\ANSWERCARD-TYPE3-V1.0\ANSWERCARD\GENERATEDFILES\UI_ADDPAGEDLG.H
I:\答题卡项目\卡格式软件\ANSWERCARD-TYPE3-V1.0\ANSWERCARD\GENERATEDFILES\UI_ANCHORDLG.H
I:\答题卡项目\卡格式软件\ANSWERCARD-TYPE3-V1.0\ANSWERCARD\GENERATEDFILES\UI_ANCHORRECTDLG.H
I:\答题卡项目\卡格式软件\ANSWERCARD-TYPE3-V1.0\ANSWERCARD\GENERATEDFILES\UI_ANSWERCARDDLG3.H
I:\答题卡项目\卡格式软件\ANSWERCARD-TYPE3-V1.0\ANSWERCARD\GENERATEDFILES\UI_BARCODEDLG.H
I:\答题卡项目\卡格式软件\ANSWERCARD-TYPE3-V1.0\ANSWERCARD\GENERATEDFILES\UI_CARDSETDLG.H
I:\答题卡项目\卡格式软件\ANSWERCARD-TYPE3-V1.0\ANSWERCARD\GENERATEDFILES\UI_CLEARDLG.H
I:\答题卡项目\卡格式软件\ANSWERCARD-TYPE3-V1.0\ANSWERCARD\GENERATEDFILES\UI_CLIPDLG.H
I:\答题卡项目\卡格式软件\ANSWERCARD-TYPE3-V1.0\ANSWERCARD\GENERATEDFILES\UI_CREATECARDDLG.H
I:\答题卡项目\卡格式软件\ANSWERCARD-TYPE3-V1.0\ANSWERCARD\GENERATEDFILES\UI_FILLPOINTDLG.H
I:\答题卡项目\卡格式软件\ANSWERCARD-TYPE3-V1.0\ANSWERCARD\GENERATEDFILES\UI_INPUTNUMBERDLG.H
I:\答题卡项目\卡格式软件\ANSWERCARD-TYPE3-V1.0\ANSWERCARD\GENERATEDFILES\UI_ISFRONTDLG.H
I:\答题卡项目\卡格式软件\ANSWERCARD-TYPE3-V1.0\ANSWERCARD\GENERATEDFILES\UI_LINEDETECTDLG.H
I:\答题卡项目\卡格式软件\ANSWERCARD-TYPE3-V1.0\ANSWERCARD\GENERATEDFILES\UI_MARKERMAKEDLG.H
I:\答题卡项目\卡格式软件\ANSWERCARD-TYPE3-V1.0\ANSWERCARD\GENERATEDFILES\UI_PAGEPOINTDLG.H
I:\答题卡项目\卡格式软件\ANSWERCARD-TYPE3-V1.0\WIN32\DEBUG\AC3.EXE
I:\答题卡项目\卡格式软件\ANSWERCARD-TYPE3-V1.0\WIN32\DEBUG\AC3.ILK
I:\答题卡项目\卡格式软件\ANSWERCARD-TYPE3-V1.0\WIN32\DEBUG\AC3.PDB
