F:\PROJECT\QT_VS\ANSWERCARD-F\ANSWERCARD\DEBUG\ANCHORDLG.OBJ
F:\PROJECT\QT_VS\ANSWERCARD-F\ANSWERCARD\DEBUG\ANSWERCARD.EXE.INTERMEDIATE.MANIFEST
F:\PROJECT\QT_VS\ANSWERCARD-F\ANSWERCARD\DEBUG\ANSWERCARD.OBJ
F:\PROJECT\QT_VS\ANSWERCARD-F\ANSWERCARD\DEBUG\ANSWERCARDDLG.OBJ
F:\PROJECT\QT_VS\ANSWERCARD-F\ANSWERCARD\DEBUG\ANSWERCARDPROCESSING.OBJ
F:\PROJECT\QT_VS\ANSWERCARD-F\ANSWERCARD\DEBUG\BARCODEDLG.OBJ
F:\Project\QT_VS\AnswerCard-f\AnswerCard\Debug\cl.command.1.tlog
F:\Project\QT_VS\AnswerCard-f\AnswerCard\Debug\CL.read.1.tlog
F:\Project\QT_VS\AnswerCard-f\AnswerCard\Debug\CL.write.1.tlog
F:\PROJECT\QT_VS\ANSWERCARD-F\ANSWERCARD\DEBUG\CLIPDLG.OBJ
F:\Project\QT_VS\AnswerCard-f\AnswerCard\Debug\custombuild.command.1.tlog
F:\Project\QT_VS\AnswerCard-f\AnswerCard\Debug\custombuild.read.1.tlog
F:\Project\QT_VS\AnswerCard-f\AnswerCard\Debug\custombuild.write.1.tlog
F:\PROJECT\QT_VS\ANSWERCARD-F\ANSWERCARD\DEBUG\CUSTOMIZEFILLPOINTDLG.OBJ
F:\Project\QT_VS\AnswerCard-f\AnswerCard\Debug\link.command.1.tlog
F:\Project\QT_VS\AnswerCard-f\AnswerCard\Debug\link.read.1.tlog
F:\Project\QT_VS\AnswerCard-f\AnswerCard\Debug\link.write.1.tlog
F:\PROJECT\QT_VS\ANSWERCARD-F\ANSWERCARD\DEBUG\MAIN.OBJ
F:\PROJECT\QT_VS\ANSWERCARD-F\ANSWERCARD\DEBUG\MARKERDLG.OBJ
F:\PROJECT\QT_VS\ANSWERCARD-F\ANSWERCARD\DEBUG\MARKERSBOUNDARYTABLE.OBJ
F:\PROJECT\QT_VS\ANSWERCARD-F\ANSWERCARD\DEBUG\MOC_ANCHORDLG.OBJ
F:\PROJECT\QT_VS\ANSWERCARD-F\ANSWERCARD\DEBUG\MOC_ANSWERCARDDLG.OBJ
F:\PROJECT\QT_VS\ANSWERCARD-F\ANSWERCARD\DEBUG\MOC_BARCODEDLG.OBJ
F:\PROJECT\QT_VS\ANSWERCARD-F\ANSWERCARD\DEBUG\MOC_CLIPDLG.OBJ
F:\PROJECT\QT_VS\ANSWERCARD-F\ANSWERCARD\DEBUG\MOC_CUSTOMIZEFILLPOINTDLG.OBJ
F:\PROJECT\QT_VS\ANSWERCARD-F\ANSWERCARD\DEBUG\MOC_MARKERDLG.OBJ
F:\PROJECT\QT_VS\ANSWERCARD-F\ANSWERCARD\DEBUG\MOC_QUESTIONDLG.OBJ
F:\Project\QT_VS\AnswerCard-f\AnswerCard\Debug\mt.command.1.tlog
F:\Project\QT_VS\AnswerCard-f\AnswerCard\Debug\mt.read.1.tlog
F:\Project\QT_VS\AnswerCard-f\AnswerCard\Debug\mt.write.1.tlog
F:\PROJECT\QT_VS\ANSWERCARD-F\ANSWERCARD\DEBUG\QRC_ANSWERCARDDLG.OBJ
F:\PROJECT\QT_VS\ANSWERCARD-F\ANSWERCARD\DEBUG\QUESTIONDLG.OBJ
F:\PROJECT\QT_VS\ANSWERCARD-F\ANSWERCARD\DEBUG\VC100.PDB
F:\PROJECT\QT_VS\ANSWERCARD-F\ANSWERCARD\DEBUG\XMLIO.OBJ
F:\PROJECT\QT_VS\ANSWERCARD-F\ANSWERCARD\GENERATEDFILES\DEBUG\MOC_ANCHORDLG.CPP
F:\PROJECT\QT_VS\ANSWERCARD-F\ANSWERCARD\GENERATEDFILES\DEBUG\MOC_ANSWERCARDDLG.CPP
F:\PROJECT\QT_VS\ANSWERCARD-F\ANSWERCARD\GENERATEDFILES\DEBUG\MOC_BARCODEDLG.CPP
F:\PROJECT\QT_VS\ANSWERCARD-F\ANSWERCARD\GENERATEDFILES\DEBUG\MOC_CLIPDLG.CPP
F:\PROJECT\QT_VS\ANSWERCARD-F\ANSWERCARD\GENERATEDFILES\DEBUG\MOC_CUSTOMIZEFILLPOINTDLG.CPP
F:\PROJECT\QT_VS\ANSWERCARD-F\ANSWERCARD\GENERATEDFILES\DEBUG\MOC_MARKERDLG.CPP
F:\PROJECT\QT_VS\ANSWERCARD-F\ANSWERCARD\GENERATEDFILES\DEBUG\MOC_QUESTIONDLG.CPP
F:\PROJECT\QT_VS\ANSWERCARD-F\ANSWERCARD\GENERATEDFILES\QRC_ANSWERCARDDLG.CPP
F:\PROJECT\QT_VS\ANSWERCARD-F\ANSWERCARD\GENERATEDFILES\UI_ANCHORDLG.H
F:\PROJECT\QT_VS\ANSWERCARD-F\ANSWERCARD\GENERATEDFILES\UI_ANSWERCARDDLG.H
F:\PROJECT\QT_VS\ANSWERCARD-F\ANSWERCARD\GENERATEDFILES\UI_BARCODEDLG.H
F:\PROJECT\QT_VS\ANSWERCARD-F\ANSWERCARD\GENERATEDFILES\UI_CLIPDLG.H
F:\PROJECT\QT_VS\ANSWERCARD-F\ANSWERCARD\GENERATEDFILES\UI_CUSTOMIZEFILLPOINTDLG.H
F:\PROJECT\QT_VS\ANSWERCARD-F\ANSWERCARD\GENERATEDFILES\UI_MARKERDLG.H
F:\PROJECT\QT_VS\ANSWERCARD-F\ANSWERCARD\GENERATEDFILES\UI_QUESTIONDLG.H
F:\PROJECT\QT_VS\ANSWERCARD-F\WIN32\DEBUG\ANSWERCARD.EXE
F:\PROJECT\QT_VS\ANSWERCARD-F\WIN32\DEBUG\ANSWERCARD.ILK
F:\PROJECT\QT_VS\ANSWERCARD-F\WIN32\DEBUG\ANSWERCARD.PDB
