生成启动时间为 2015/3/12 10:03:35。
     1>项目“E:\Project\homework6\homework.vcxproj”在节点 2 上(rebuild 个目标)。
     1>_PrepareForClean:
         正在删除文件“Win32\Release\homework.lastbuildstate”。
     1>C:\Program Files (x86)\MSBuild\Microsoft.Cpp\v4.0\Microsoft.CppBuild.targets(298,5): warning MSB8004: Intermediate 目录未以斜杠结尾。此生成实例将添加斜杠，因为必须有这个斜杠才能正确计算 Intermediate 目录。
       InitializeBuildStatus:
         正在创建“Win32\Release\homework.unsuccessfulbuild”，因为已指定“AlwaysCreate”。
       CustomBuild:
         Moc'ing mainwindow.h...
         Moc'ing showdocument.h...
         Uic'ing mainwindow.ui...
         Uic'ing showdocument.ui...
       ClCompile:
         D:\Program Files (x86)\Microsoft Visual Studio 10.0\VC\bin\CL.exe /c /ID:\Qt\4.8.2\include\QtCore /ID:\Qt\4.8.2\include\QtGui /ID:\Qt\4.8.2\include /ID:\Qt\4.8.2\include\ActiveQt /Irelease /I. /ID:\Qt\4.8.2\mkspecs\default /I.\GeneratedFiles /Zi /nologo /W3 /WX- /O2 /Oy- /D _WINDOWS /D UNICODE /D WIN32 /D QT_LARGEFILE_SUPPORT /D QT_DLL /D QT_NO_DEBUG /D QT_GUI_LIB /D QT_CORE_LIB /D QT_HAVE_MMX /D QT_HAVE_3DNOW /D QT_HAVE_SSE /D QT_HAVE_MMXEXT /D QT_HAVE_SSE2 /D QT_THREAD_SUPPORT /D NDEBUG /Gm- /EHsc /MD /GS- /fp:precise /Zc:wchar_t- /Zc:forScope /GR /Fo"Win32\Release\\" /Fd"Win32\Release\vc100.pdb" /Gd /TP /analyze- /errorReport:prompt logic\Controller.cpp logic\FileObj.cpp logic\Hash.cpp logic\rkr_gst_match.cpp logic\StringCompare.cpp logic\Tools.cpp logic\XmlReader.cpp main.cpp mainwindow.cpp Release\moc_mainwindow.cpp Release\moc_showdocument.cpp showdocument.cpp -Zm200 -w34100 -w34189 
         Controller.cpp
     1>e:\project\homework6\showdocument.h(25): warning C4520: “ShowDocument”: 指定了多个默认构造函数
     1>logic\Controller.cpp(32): warning C4018: “<”: 有符号/无符号不匹配
     1>logic\Controller.cpp(86): warning C4018: “<”: 有符号/无符号不匹配
     1>logic\Controller.cpp(95): warning C4018: “<”: 有符号/无符号不匹配
     1>logic\Controller.cpp(102): warning C4018: “<”: 有符号/无符号不匹配
     1>logic\Controller.cpp(152): warning C4018: “<”: 有符号/无符号不匹配
     1>logic\Controller.cpp(201): warning C4018: “<”: 有符号/无符号不匹配
     1>logic\Controller.cpp(254): warning C4018: “<”: 有符号/无符号不匹配
     1>logic\Controller.cpp(307): warning C4018: “<”: 有符号/无符号不匹配
     1>logic\Controller.cpp(363): warning C4018: “<”: 有符号/无符号不匹配
     1>logic\Controller.cpp(365): warning C4018: “<”: 有符号/无符号不匹配
         FileObj.cpp
         Hash.cpp
         rkr_gst_match.cpp
     1>logic\rkr_gst_match.cpp(94): warning C4100: “s”: 未引用的形参
     1>logic\rkr_gst_match.cpp(124): warning C4018: “<”: 有符号/无符号不匹配
         StringCompare.cpp
         Tools.cpp
         XmlReader.cpp
         main.cpp
     1>e:\project\homework6\showdocument.h(25): warning C4520: “ShowDocument”: 指定了多个默认构造函数
         mainwindow.cpp
     1>e:\project\homework6\showdocument.h(25): warning C4520: “ShowDocument”: 指定了多个默认构造函数
     1>mainwindow.cpp(117): warning C4018: “<”: 有符号/无符号不匹配
     1>mainwindow.cpp(140): warning C4018: “<”: 有符号/无符号不匹配
     1>mainwindow.cpp(89): warning C4100: “column”: 未引用的形参
     1>mainwindow.cpp(262): warning C4018: “<”: 有符号/无符号不匹配
         moc_mainwindow.cpp
     1>e:\project\homework6\showdocument.h(25): warning C4520: “ShowDocument”: 指定了多个默认构造函数
         moc_showdocument.cpp
     1>e:\project\homework6\release\../showdocument.h(25): warning C4520: “ShowDocument”: 指定了多个默认构造函数
         showdocument.cpp
     1>e:\project\homework6\showdocument.h(25): warning C4520: “ShowDocument”: 指定了多个默认构造函数
     1>showdocument.cpp(97): warning C4018: “<”: 有符号/无符号不匹配
     1>showdocument.cpp(168): warning C4018: “<”: 有符号/无符号不匹配
         正在生成代码...
       Link:
         D:\Program Files (x86)\Microsoft Visual Studio 10.0\VC\bin\link.exe /ERRORREPORT:PROMPT /OUT:"release\\homework.exe" /INCREMENTAL:NO /NOLOGO /LIBPATH:D:\Qt\4.8.2\lib /LIBPATH:D:\Qt\4.8.2\lib D:\Qt\4.8.2\lib\qtmain.lib D:\Qt\4.8.2\lib\qaxserver.lib D:\Qt\4.8.2\lib\qaxcontainer.lib D:\Qt\4.8.2\lib\QtGui4.lib D:\Qt\4.8.2\lib\QtCore4.lib user32.lib ole32.lib oleaut32.lib gdi32.lib advapi32.lib qtmain.lib QtCore4.lib QtGui4.lib QtXml4.lib QtXmlPatterns4.lib kernel32.lib user32.lib gdi32.lib winspool.lib comdlg32.lib advapi32.lib shell32.lib ole32.lib oleaut32.lib uuid.lib odbc32.lib odbccp32.lib /MANIFEST /ManifestFile:"Win32\Release\homework.exe.intermediate.manifest" /MANIFESTUAC:"level='asInvoker' uiAccess='false'" /PDB:"E:\Project\homework6\release\homework.pdb" /SUBSYSTEM:CONSOLE /TLBID:1 /DYNAMICBASE /NXCOMPAT /MACHINE:X86 Win32\Release\Controller.obj
         Win32\Release\FileObj.obj
         Win32\Release\Hash.obj
         Win32\Release\rkr_gst_match.obj
         Win32\Release\StringCompare.obj
         Win32\Release\Tools.obj
         Win32\Release\XmlReader.obj
         Win32\Release\main.obj
         Win32\Release\mainwindow.obj
         Win32\Release\moc_mainwindow.obj
         Win32\Release\moc_showdocument.obj
         Win32\Release\showdocument.obj "/MANIFESTDEPENDENCY:type='win32' name='Microsoft.Windows.Common-Controls' version='6.0.0.0' publicKeyToken='6595b64144ccf1df' language='*' processorArchitecture='*'" 
            正在创建库 release\\homework.lib 和对象 release\\homework.exp
         homework.vcxproj -> E:\Project\homework6\release\homework.exe
       Manifest:
         C:\Program Files (x86)\Microsoft SDKs\Windows\v7.0A\bin\mt.exe /nologo /verbose /outputresource:"release\\homework.exe;#1" /manifest Win32\Release\homework.exe.intermediate.manifest
       FinalizeBuildStatus:
         正在删除文件“Win32\Release\homework.unsuccessfulbuild”。
         正在对“Win32\Release\homework.lastbuildstate”执行 Touch 任务。
     1>已完成生成项目“E:\Project\homework6\homework.vcxproj”(rebuild 个目标)的操作。

生成成功。

已用时间 00:00:14.84
