C:\USERS\SUNLIN\DESKTOP\HOMEWORK3\GENERATEDFILES\UI_MAINWINDOW.H
C:\USERS\SUNLIN\DESKTOP\HOMEWORK3\GENERATEDFILES\UI_SHOWDOCUMENT.H
C:\USERS\SUNLIN\DESKTOP\HOMEWORK3\RELEASE\HOMEWORK.EXE
C:\Users\SunLin\Desktop\homework3\release\homework.exp
C:\Users\SunLin\Desktop\homework3\release\homework.lib
C:\USERS\SUNLIN\DESKTOP\HOMEWORK3\RELEASE\MOC_MAINWINDOW.CPP
C:\USERS\SUNLIN\DESKTOP\HOMEWORK3\RELEASE\MOC_SHOWDOCUMENT.CPP
C:\USERS\SUNLIN\DESKTOP\HOMEWORK3\WIN32\RELEASE\CONTROLLER.OBJ
C:\USERS\SUNLIN\DESKTOP\HOMEWORK3\WIN32\RELEASE\FILEOBJ.OBJ
C:\USERS\SUNLIN\DESKTOP\HOMEWORK3\WIN32\RELEASE\HASH.OBJ
C:\USERS\SUNLIN\DESKTOP\HOMEWORK3\WIN32\RELEASE\HOMEWORK.EXE.INTERMEDIATE.MANIFEST
C:\USERS\SUNLIN\DESKTOP\HOMEWORK3\WIN32\RELEASE\MAIN.OBJ
C:\USERS\SUNLIN\DESKTOP\HOMEWORK3\WIN32\RELEASE\MAINWINDOW.OBJ
C:\USERS\SUNLIN\DESKTOP\HOMEWORK3\WIN32\RELEASE\MOC_MAINWINDOW.OBJ
C:\USERS\SUNLIN\DESKTOP\HOMEWORK3\WIN32\RELEASE\MOC_SHOWDOCUMENT.OBJ
C:\USERS\SUNLIN\DESKTOP\HOMEWORK3\WIN32\RELEASE\RKR_GST_MATCH.OBJ
C:\USERS\SUNLIN\DESKTOP\HOMEWORK3\WIN32\RELEASE\SHOWDOCUMENT.OBJ
C:\USERS\SUNLIN\DESKTOP\HOMEWORK3\WIN32\RELEASE\STRINGCOMPARE.OBJ
C:\USERS\SUNLIN\DESKTOP\HOMEWORK3\WIN32\RELEASE\TOOLS.OBJ
C:\USERS\SUNLIN\DESKTOP\HOMEWORK3\WIN32\RELEASE\VC100.PDB
C:\USERS\SUNLIN\DESKTOP\HOMEWORK3\WIN32\RELEASE\XMLREADER.OBJ
E:\PROJECT\HOMEWORK6\GENERATEDFILES\UI_MAINWINDOW.H
E:\PROJECT\HOMEWORK6\GENERATEDFILES\UI_SHOWDOCUMENT.H
E:\PROJECT\HOMEWORK6\RELEASE\HOMEWORK.EXE
E:\Project\homework6\release\homework.exp
E:\Project\homework6\release\homework.lib
E:\PROJECT\HOMEWORK6\RELEASE\MOC_MAINWINDOW.CPP
E:\PROJECT\HOMEWORK6\RELEASE\MOC_SHOWDOCUMENT.CPP
E:\Project\homework6\Win32\Release\cl.command.1.tlog
E:\Project\homework6\Win32\Release\CL.read.1.tlog
E:\Project\homework6\Win32\Release\CL.write.1.tlog
E:\PROJECT\HOMEWORK6\WIN32\RELEASE\CONTROLLER.OBJ
E:\Project\homework6\Win32\Release\custombuild.command.1.tlog
E:\Project\homework6\Win32\Release\custombuild.read.1.tlog
E:\Project\homework6\Win32\Release\custombuild.write.1.tlog
E:\PROJECT\HOMEWORK6\WIN32\RELEASE\FILEOBJ.OBJ
E:\PROJECT\HOMEWORK6\WIN32\RELEASE\HASH.OBJ
E:\PROJECT\HOMEWORK6\WIN32\RELEASE\HOMEWORK.EXE.INTERMEDIATE.MANIFEST
E:\Project\homework6\Win32\Release\homework.vcxprojResolveAssemblyReference.cache
E:\Project\homework6\Win32\Release\homework.write.1.tlog
E:\Project\homework6\Win32\Release\link.command.1.tlog
E:\Project\homework6\Win32\Release\link.read.1.tlog
E:\Project\homework6\Win32\Release\link.write.1.tlog
E:\PROJECT\HOMEWORK6\WIN32\RELEASE\MAIN.OBJ
E:\PROJECT\HOMEWORK6\WIN32\RELEASE\MAINWINDOW.OBJ
E:\PROJECT\HOMEWORK6\WIN32\RELEASE\MOC_MAINWINDOW.OBJ
E:\PROJECT\HOMEWORK6\WIN32\RELEASE\MOC_SHOWDOCUMENT.OBJ
E:\Project\homework6\Win32\Release\mt.command.1.tlog
E:\Project\homework6\Win32\Release\mt.read.1.tlog
E:\Project\homework6\Win32\Release\mt.write.1.tlog
E:\PROJECT\HOMEWORK6\WIN32\RELEASE\RKR_GST_MATCH.OBJ
E:\PROJECT\HOMEWORK6\WIN32\RELEASE\SHOWDOCUMENT.OBJ
E:\PROJECT\HOMEWORK6\WIN32\RELEASE\STRINGCOMPARE.OBJ
E:\PROJECT\HOMEWORK6\WIN32\RELEASE\TOOLS.OBJ
E:\PROJECT\HOMEWORK6\WIN32\RELEASE\VC100.PDB
E:\PROJECT\HOMEWORK6\WIN32\RELEASE\XMLREADER.OBJ
