E:\PROJECT\TEACHERASSISTANT\TEACHERASSISTANT\GENERATEDFILES\QRC_TEACHERASSISTANT.CPP
E:\PROJECT\TEACHERASSISTANT\TEACHERASSISTANT\GENERATEDFILES\RELEASE\MOC_TEACHERASSISTANT.CPP
E:\PROJECT\TEACHERASSISTANT\TEACHERASSISTANT\GENERATEDFILES\UI_TEACHERASSISTANT.H
E:\Project\teacherAssistant\teacherAssistant\Release\cl.command.1.tlog
E:\Project\teacherAssistant\teacherAssistant\Release\CL.read.1.tlog
E:\Project\teacherAssistant\teacherAssistant\Release\CL.write.1.tlog
E:\PROJECT\TEACHERASSISTANT\TEACHERASSISTANT\RELEASE\CONTROLLER.OBJ
E:\Project\teacherAssistant\teacherAssistant\Release\custombuild.command.1.tlog
E:\Project\teacherAssistant\teacherAssistant\Release\custombuild.read.1.tlog
E:\Project\teacherAssistant\teacherAssistant\Release\custombuild.write.1.tlog
E:\Project\teacherAssistant\teacherAssistant\Release\link.command.1.tlog
E:\Project\teacherAssistant\teacherAssistant\Release\link.read.1.tlog
E:\Project\teacherAssistant\teacherAssistant\Release\link.write.1.tlog
E:\PROJECT\TEACHERASSISTANT\TEACHERASSISTANT\RELEASE\MAIN.OBJ
E:\PROJECT\TEACHERASSISTANT\TEACHERASSISTANT\RELEASE\MOC_TEACHERASSISTANT.OBJ
E:\Project\teacherAssistant\teacherAssistant\Release\mt.command.1.tlog
E:\Project\teacherAssistant\teacherAssistant\Release\mt.read.1.tlog
E:\Project\teacherAssistant\teacherAssistant\Release\mt.write.1.tlog
E:\PROJECT\TEACHERASSISTANT\TEACHERASSISTANT\RELEASE\QRC_TEACHERASSISTANT.OBJ
E:\PROJECT\TEACHERASSISTANT\TEACHERASSISTANT\RELEASE\TEACHERASSISTANT.EXE.INTERMEDIATE.MANIFEST
E:\PROJECT\TEACHERASSISTANT\TEACHERASSISTANT\RELEASE\TEACHERASSISTANT.OBJ
E:\Project\teacherAssistant\teacherAssistant\Release\teacherAssistant.vcxprojResolveAssemblyReference.cache
E:\Project\teacherAssistant\teacherAssistant\Release\teacherAssistant.write.1.tlog
E:\PROJECT\TEACHERASSISTANT\TEACHERASSISTANT\RELEASE\TOOLS.OBJ
E:\PROJECT\TEACHERASSISTANT\TEACHERASSISTANT\RELEASE\VC100.PDB
E:\PROJECT\TEACHERASSISTANT\TEACHERASSISTANT\RELEASE\XLSIO.OBJ
E:\PROJECT\TEACHERASSISTANT\WIN32\RELEASE\TEACHERASSISTANT.EXE
E:\PROJECT\TEACHERASSISTANT\WIN32\RELEASE\TEACHERASSISTANT.ILK
E:\PROJECT\TEACHERASSISTANT\WIN32\RELEASE\TEACHERASSISTANT.PDB
